{"/home/travis/build/npmtest/node-npmtest-social-cms-backend/test.js":{"path":"/home/travis/build/npmtest/node-npmtest-social-cms-backend/test.js","s":{"1":2,"2":2,"3":2,"4":2,"5":2,"6":2,"7":2,"8":1,"9":2,"10":2,"11":1,"12":1,"13":1,"14":1,"15":2,"16":2,"17":2,"18":2,"19":1,"20":1,"21":2,"22":2,"23":2,"24":1,"25":1,"26":1,"27":1,"28":1,"29":1,"30":1,"31":1,"32":1,"33":1,"34":1,"35":1,"36":1,"37":1,"38":1,"39":2,"40":2,"41":1,"42":2,"43":2,"44":1,"45":2,"46":2,"47":1,"48":2,"49":2,"50":1,"51":1,"52":1,"53":1,"54":1},"b":{"1":[2,1,1,1],"2":[1,1,1,1],"3":[1,1],"4":[1,1],"5":[1,1],"6":[1,1],"7":[1,1],"8":[1,1],"9":[1,1],"10":[1,1,1],"11":[1,1],"12":[1,1],"13":[1,1],"14":[1,1],"15":[1,1],"16":[1,1],"17":[1,1]},"f":{"1":2,"2":2,"3":2,"4":2,"5":2,"6":1,"7":1,"8":1,"9":2,"10":2,"11":2,"12":2,"13":1},"fnMap":{"1":{"name":"(anonymous_1)","line":12,"loc":{"start":{"line":12,"column":1},"end":{"line":12,"column":13}}},"2":{"name":"(anonymous_2)","line":19,"loc":{"start":{"line":19,"column":5},"end":{"line":19,"column":17}}},"3":{"name":"(anonymous_3)","line":23,"loc":{"start":{"line":23,"column":24},"end":{"line":23,"column":36}}},"4":{"name":"(anonymous_4)","line":61,"loc":{"start":{"line":61,"column":5},"end":{"line":61,"column":17}}},"5":{"name":"(anonymous_5)","line":82,"loc":{"start":{"line":82,"column":5},"end":{"line":82,"column":17}}},"6":{"name":"(anonymous_6)","line":91,"loc":{"start":{"line":91,"column":77},"end":{"line":94,"column":10}}},"7":{"name":"(anonymous_7)","line":112,"loc":{"start":{"line":112,"column":83},"end":{"line":115,"column":10}},"skip":true},"8":{"name":"(anonymous_8)","line":123,"loc":{"start":{"line":123,"column":77},"end":{"line":126,"column":10}},"skip":true},"9":{"name":"(anonymous_9)","line":139,"loc":{"start":{"line":139,"column":12},"end":{"line":139,"column":40}},"skip":true},"10":{"name":"(anonymous_10)","line":147,"loc":{"start":{"line":147,"column":77},"end":{"line":150,"column":10}},"skip":true},"11":{"name":"(anonymous_11)","line":158,"loc":{"start":{"line":158,"column":83},"end":{"line":161,"column":10}},"skip":true},"12":{"name":"(anonymous_12)","line":169,"loc":{"start":{"line":169,"column":79},"end":{"line":172,"column":10}},"skip":true},"13":{"name":"(anonymous_13)","line":180,"loc":{"start":{"line":180,"column":75},"end":{"line":183,"column":10}},"skip":true}},"statementMap":{"1":{"start":{"line":12,"column":0},"end":{"line":195,"column":5}},"2":{"start":{"line":14,"column":4},"end":{"line":14,"column":14}},"3":{"start":{"line":19,"column":4},"end":{"line":56,"column":9}},"4":{"start":{"line":21,"column":8},"end":{"line":21,"column":19}},"5":{"start":{"line":23,"column":8},"end":{"line":35,"column":13}},"6":{"start":{"line":24,"column":12},"end":{"line":34,"column":13}},"7":{"start":{"line":25,"column":16},"end":{"line":28,"column":30}},"8":{"start":{"line":30,"column":16},"end":{"line":33,"column":27}},"9":{"start":{"line":37,"column":8},"end":{"line":39,"column":21}},"10":{"start":{"line":40,"column":8},"end":{"line":53,"column":9}},"11":{"start":{"line":43,"column":12},"end":{"line":46,"column":14}},"12":{"start":{"line":47,"column":12},"end":{"line":47,"column":18}},"13":{"start":{"line":50,"column":12},"end":{"line":51,"column":33}},"14":{"start":{"line":52,"column":12},"end":{"line":52,"column":18}},"15":{"start":{"line":55,"column":8},"end":{"line":55,"column":35}},"16":{"start":{"line":61,"column":4},"end":{"line":63,"column":9}},"17":{"start":{"line":62,"column":8},"end":{"line":62,"column":15}},"18":{"start":{"line":64,"column":4},"end":{"line":77,"column":5}},"19":{"start":{"line":70,"column":8},"end":{"line":70,"column":14}},"20":{"start":{"line":76,"column":8},"end":{"line":76,"column":14}},"21":{"start":{"line":82,"column":4},"end":{"line":84,"column":9}},"22":{"start":{"line":83,"column":8},"end":{"line":83,"column":15}},"23":{"start":{"line":85,"column":4},"end":{"line":194,"column":5}},"24":{"start":{"line":91,"column":8},"end":{"line":99,"column":10}},"25":{"start":{"line":98,"column":12},"end":{"line":98,"column":35}},"26":{"start":{"line":102,"column":8},"end":{"line":104,"column":63}},"27":{"start":{"line":105,"column":8},"end":{"line":105,"column":14}},"28":{"start":{"line":112,"column":8},"end":{"line":121,"column":10},"skip":true},"29":{"start":{"line":119,"column":12},"end":{"line":119,"column":55},"skip":true},"30":{"start":{"line":120,"column":12},"end":{"line":120,"column":48},"skip":true},"31":{"start":{"line":123,"column":8},"end":{"line":136,"column":10},"skip":true},"32":{"start":{"line":130,"column":12},"end":{"line":130,"column":76},"skip":true},"33":{"start":{"line":131,"column":12},"end":{"line":131,"column":73},"skip":true},"34":{"start":{"line":132,"column":12},"end":{"line":132,"column":74},"skip":true},"35":{"start":{"line":133,"column":12},"end":{"line":133,"column":79},"skip":true},"36":{"start":{"line":134,"column":12},"end":{"line":134,"column":25},"skip":true},"37":{"start":{"line":135,"column":12},"end":{"line":135,"column":45},"skip":true},"38":{"start":{"line":138,"column":8},"end":{"line":145,"column":14},"skip":true},"39":{"start":{"line":143,"column":16},"end":{"line":143,"column":29},"skip":true},"40":{"start":{"line":144,"column":16},"end":{"line":144,"column":55},"skip":true},"41":{"start":{"line":147,"column":8},"end":{"line":156,"column":10},"skip":true},"42":{"start":{"line":154,"column":12},"end":{"line":154,"column":25},"skip":true},"43":{"start":{"line":155,"column":12},"end":{"line":155,"column":45},"skip":true},"44":{"start":{"line":158,"column":8},"end":{"line":167,"column":10},"skip":true},"45":{"start":{"line":165,"column":12},"end":{"line":165,"column":25},"skip":true},"46":{"start":{"line":166,"column":12},"end":{"line":166,"column":48},"skip":true},"47":{"start":{"line":169,"column":8},"end":{"line":178,"column":10},"skip":true},"48":{"start":{"line":176,"column":12},"end":{"line":176,"column":25},"skip":true},"49":{"start":{"line":177,"column":12},"end":{"line":177,"column":46},"skip":true},"50":{"start":{"line":180,"column":8},"end":{"line":189,"column":10},"skip":true},"51":{"start":{"line":187,"column":12},"end":{"line":187,"column":94},"skip":true},"52":{"start":{"line":188,"column":12},"end":{"line":188,"column":48},"skip":true},"53":{"start":{"line":192,"column":8},"end":{"line":192,"column":35},"skip":true},"54":{"start":{"line":193,"column":8},"end":{"line":193,"column":14},"skip":true}},"branchMap":{"1":{"line":25,"type":"binary-expr","locations":[{"start":{"line":25,"column":23},"end":{"line":25,"column":62}},{"start":{"line":26,"column":20},"end":{"line":26,"column":70}},{"start":{"line":27,"column":20},"end":{"line":27,"column":71}},{"start":{"line":28,"column":20},"end":{"line":28,"column":29}}]},"2":{"line":30,"type":"binary-expr","locations":[{"start":{"line":30,"column":23},"end":{"line":30,"column":37}},{"start":{"line":31,"column":20},"end":{"line":31,"column":61}},{"start":{"line":32,"column":20},"end":{"line":32,"column":70}},{"start":{"line":33,"column":20},"end":{"line":33,"column":26}}]},"3":{"line":37,"type":"cond-expr","locations":[{"start":{"line":38,"column":14},"end":{"line":38,"column":20}},{"start":{"line":39,"column":14},"end":{"line":39,"column":20}}]},"4":{"line":40,"type":"switch","locations":[{"start":{"line":42,"column":8},"end":{"line":47,"column":18}},{"start":{"line":49,"column":8},"end":{"line":52,"column":18}}]},"5":{"line":44,"type":"binary-expr","locations":[{"start":{"line":44,"column":16},"end":{"line":44,"column":44}},{"start":{"line":44,"column":48},"end":{"line":44,"column":66}}]},"6":{"line":50,"type":"binary-expr","locations":[{"start":{"line":50,"column":21},"end":{"line":50,"column":49}},{"start":{"line":50,"column":53},"end":{"line":50,"column":72}}]},"7":{"line":64,"type":"switch","locations":[{"start":{"line":69,"column":4},"end":{"line":70,"column":14}},{"start":{"line":75,"column":4},"end":{"line":76,"column":14}}]},"8":{"line":85,"type":"switch","locations":[{"start":{"line":90,"column":4},"end":{"line":105,"column":14}},{"start":{"line":111,"column":4},"end":{"line":193,"column":14},"skip":true}]},"9":{"line":91,"type":"binary-expr","locations":[{"start":{"line":91,"column":42},"end":{"line":91,"column":73}},{"start":{"line":91,"column":77},"end":{"line":99,"column":9}}]},"10":{"line":102,"type":"binary-expr","locations":[{"start":{"line":102,"column":18},"end":{"line":102,"column":32}},{"start":{"line":103,"column":12},"end":{"line":103,"column":53}},{"start":{"line":104,"column":12},"end":{"line":104,"column":61}}]},"11":{"line":112,"type":"binary-expr","locations":[{"start":{"line":112,"column":45},"end":{"line":112,"column":79},"skip":true},{"start":{"line":112,"column":83},"end":{"line":121,"column":9},"skip":true}]},"12":{"line":123,"type":"binary-expr","locations":[{"start":{"line":123,"column":42},"end":{"line":123,"column":73},"skip":true},{"start":{"line":123,"column":77},"end":{"line":136,"column":9},"skip":true}]},"13":{"line":138,"type":"binary-expr","locations":[{"start":{"line":138,"column":48},"end":{"line":138,"column":85},"skip":true},{"start":{"line":139,"column":12},"end":{"line":145,"column":13},"skip":true}]},"14":{"line":147,"type":"binary-expr","locations":[{"start":{"line":147,"column":42},"end":{"line":147,"column":73},"skip":true},{"start":{"line":147,"column":77},"end":{"line":156,"column":9},"skip":true}]},"15":{"line":158,"type":"binary-expr","locations":[{"start":{"line":158,"column":45},"end":{"line":158,"column":79},"skip":true},{"start":{"line":158,"column":83},"end":{"line":167,"column":9},"skip":true}]},"16":{"line":169,"type":"binary-expr","locations":[{"start":{"line":169,"column":43},"end":{"line":169,"column":75},"skip":true},{"start":{"line":169,"column":79},"end":{"line":178,"column":9},"skip":true}]},"17":{"line":180,"type":"binary-expr","locations":[{"start":{"line":180,"column":41},"end":{"line":180,"column":71},"skip":true},{"start":{"line":180,"column":75},"end":{"line":189,"column":9},"skip":true}]}},"code":["/* istanbul instrument in package npmtest_social_cms_backend */","/*jslint","    bitwise: true,","    browser: true,","    maxerr: 8,","    maxlen: 96,","    node: true,","    nomen: true,","    regexp: true,","    stupid: true","*/","(function () {","    'use strict';","    var local;","","","","    // run shared js-env code - init-before","    (function () {","        // init local","        local = {};","        // init modeJs","        local.modeJs = (function () {","            try {","                return typeof navigator.userAgent === 'string' &&","                    typeof document.querySelector('body') === 'object' &&","                    typeof XMLHttpRequest.prototype.open === 'function' &&","                    'browser';","            } catch (errorCaughtBrowser) {","                return module.exports &&","                    typeof process.versions.node === 'string' &&","                    typeof require('http').createServer === 'function' &&","                    'node';","            }","        }());","        // init global","        local.global = local.modeJs === 'browser'","            ? window","            : global;","        switch (local.modeJs) {","        // re-init local from window.local","        case 'browser':","            local = local.global.utility2.objectSetDefault(","                local.global.utility2_rollup || local.global.local,","                local.global.utility2","            );","            break;","        // re-init local from example.js","        case 'node':","            local = (local.global.utility2_rollup || require('utility2'))","                .requireReadme();","            break;","        }","        // export local","        local.global.local = local;","    }());","","","","    // run shared js-env code - function","    (function () {","        return;","    }());","    switch (local.modeJs) {","","","","    // run browser js-env code - function","    case 'browser':","        break;","","","","    // run node js-env code - function","    case 'node':","        break;","    }","","","","    // run shared js-env code - init-after","    (function () {","        return;","    }());","    switch (local.modeJs) {","","","","    // run browser js-env code - init-after","    case 'browser':","        local.testCase_browser_nullCase = local.testCase_browser_nullCase || function (","            options,","            onError","        ) {","        /*","         * this function will test browsers's null-case handling-behavior-behavior","         */","            onError(null, options);","        };","","        // run tests","        local.nop(local.modeTest &&","            document.querySelector('#testRunButton1') &&","            document.querySelector('#testRunButton1').click());","        break;","","","","    // run node js-env code - init-after","    /* istanbul ignore next */","    case 'node':","        local.testCase_buildApidoc_default = local.testCase_buildApidoc_default || function (","            options,","            onError","        ) {","        /*","         * this function will test buildApidoc's default handling-behavior-behavior","         */","            options = { modulePathList: module.paths };","            local.buildApidoc(options, onError);","        };","","        local.testCase_buildApp_default = local.testCase_buildApp_default || function (","            options,","            onError","        ) {","        /*","         * this function will test buildApp's default handling-behavior-behavior","         */","            local.testCase_buildReadme_default(options, local.onErrorThrow);","            local.testCase_buildLib_default(options, local.onErrorThrow);","            local.testCase_buildTest_default(options, local.onErrorThrow);","            local.testCase_buildCustomOrg_default(options, local.onErrorThrow);","            options = [];","            local.buildApp(options, onError);","        };","","        local.testCase_buildCustomOrg_default = local.testCase_buildCustomOrg_default ||","            function (options, onError) {","            /*","             * this function will test buildCustomOrg's default handling-behavior","             */","                options = {};","                local.buildCustomOrg(options, onError);","            };","","        local.testCase_buildLib_default = local.testCase_buildLib_default || function (","            options,","            onError","        ) {","        /*","         * this function will test buildLib's default handling-behavior","         */","            options = {};","            local.buildLib(options, onError);","        };","","        local.testCase_buildReadme_default = local.testCase_buildReadme_default || function (","            options,","            onError","        ) {","        /*","         * this function will test buildReadme's default handling-behavior-behavior","         */","            options = {};","            local.buildReadme(options, onError);","        };","","        local.testCase_buildTest_default = local.testCase_buildTest_default || function (","            options,","            onError","        ) {","        /*","         * this function will test buildTest's default handling-behavior","         */","            options = {};","            local.buildTest(options, onError);","        };","","        local.testCase_webpage_default = local.testCase_webpage_default || function (","            options,","            onError","        ) {","        /*","         * this function will test webpage's default handling-behavior","         */","            options = { modeCoverageMerge: true, url: local.serverLocalHost + '?modeTest=1' };","            local.browserTest(options, onError);","        };","","        // run test-server","        local.testRunServer(local);","        break;","    }","}());",""],"l":{"12":2,"14":2,"19":2,"21":2,"23":2,"24":2,"25":2,"30":1,"37":2,"40":2,"43":1,"47":1,"50":1,"52":1,"55":2,"61":2,"62":2,"64":2,"70":1,"76":1,"82":2,"83":2,"85":2,"91":1,"98":1,"102":1,"105":1,"112":1,"119":1,"120":1,"123":1,"130":1,"131":1,"132":1,"133":1,"134":1,"135":1,"138":1,"143":2,"144":2,"147":1,"154":2,"155":2,"158":1,"165":2,"166":2,"169":1,"176":2,"177":2,"180":1,"187":1,"188":1,"192":1,"193":1}},"/home/travis/build/npmtest/node-npmtest-social-cms-backend/lib.npmtest_social_cms_backend.js":{"path":"/home/travis/build/npmtest/node-npmtest-social-cms-backend/lib.npmtest_social_cms_backend.js","s":{"1":2,"2":2,"3":2,"4":2,"5":2,"6":2,"7":2,"8":1,"9":2,"10":2,"11":2,"12":2,"13":1,"14":1,"15":1,"16":1},"b":{"1":[2,1,1,1],"2":[1,1,1,1],"3":[1,1],"4":[2,2],"5":[1,1]},"f":{"1":2,"2":2,"3":2},"fnMap":{"1":{"name":"(anonymous_1)","line":12,"loc":{"start":{"line":12,"column":1},"end":{"line":12,"column":13}}},"2":{"name":"(anonymous_2)","line":19,"loc":{"start":{"line":19,"column":5},"end":{"line":19,"column":17}}},"3":{"name":"(anonymous_3)","line":23,"loc":{"start":{"line":23,"column":24},"end":{"line":23,"column":36}}}},"statementMap":{"1":{"start":{"line":12,"column":0},"end":{"line":53,"column":5}},"2":{"start":{"line":14,"column":4},"end":{"line":14,"column":14}},"3":{"start":{"line":19,"column":4},"end":{"line":52,"column":9}},"4":{"start":{"line":21,"column":8},"end":{"line":21,"column":19}},"5":{"start":{"line":23,"column":8},"end":{"line":35,"column":13}},"6":{"start":{"line":24,"column":12},"end":{"line":34,"column":13}},"7":{"start":{"line":25,"column":16},"end":{"line":28,"column":30}},"8":{"start":{"line":30,"column":16},"end":{"line":33,"column":27}},"9":{"start":{"line":37,"column":8},"end":{"line":39,"column":21}},"10":{"start":{"line":41,"column":8},"end":{"line":41,"column":54}},"11":{"start":{"line":43,"column":8},"end":{"line":43,"column":63}},"12":{"start":{"line":45,"column":8},"end":{"line":51,"column":9}},"13":{"start":{"line":46,"column":12},"end":{"line":46,"column":69}},"14":{"start":{"line":48,"column":12},"end":{"line":48,"column":35}},"15":{"start":{"line":49,"column":12},"end":{"line":49,"column":49}},"16":{"start":{"line":50,"column":12},"end":{"line":50,"column":43}}},"branchMap":{"1":{"line":25,"type":"binary-expr","locations":[{"start":{"line":25,"column":23},"end":{"line":25,"column":62}},{"start":{"line":26,"column":20},"end":{"line":26,"column":70}},{"start":{"line":27,"column":20},"end":{"line":27,"column":71}},{"start":{"line":28,"column":20},"end":{"line":28,"column":29}}]},"2":{"line":30,"type":"binary-expr","locations":[{"start":{"line":30,"column":23},"end":{"line":30,"column":37}},{"start":{"line":31,"column":20},"end":{"line":31,"column":61}},{"start":{"line":32,"column":20},"end":{"line":32,"column":70}},{"start":{"line":33,"column":20},"end":{"line":33,"column":26}}]},"3":{"line":37,"type":"cond-expr","locations":[{"start":{"line":38,"column":14},"end":{"line":38,"column":20}},{"start":{"line":39,"column":14},"end":{"line":39,"column":20}}]},"4":{"line":41,"type":"binary-expr","locations":[{"start":{"line":41,"column":16},"end":{"line":41,"column":44}},{"start":{"line":41,"column":48},"end":{"line":41,"column":53}}]},"5":{"line":45,"type":"if","locations":[{"start":{"line":45,"column":8},"end":{"line":45,"column":8}},{"start":{"line":45,"column":8},"end":{"line":45,"column":8}}]}},"code":["/* istanbul instrument in package npmtest_social_cms_backend */","/*jslint","    bitwise: true,","    browser: true,","    maxerr: 8,","    maxlen: 96,","    node: true,","    nomen: true,","    regexp: true,","    stupid: true","*/","(function () {","    'use strict';","    var local;","","","","    // run shared js-env code - init-before","    (function () {","        // init local","        local = {};","        // init modeJs","        local.modeJs = (function () {","            try {","                return typeof navigator.userAgent === 'string' &&","                    typeof document.querySelector('body') === 'object' &&","                    typeof XMLHttpRequest.prototype.open === 'function' &&","                    'browser';","            } catch (errorCaughtBrowser) {","                return module.exports &&","                    typeof process.versions.node === 'string' &&","                    typeof require('http').createServer === 'function' &&","                    'node';","            }","        }());","        // init global","        local.global = local.modeJs === 'browser'","            ? window","            : global;","        // init utility2_rollup","        local = local.global.utility2_rollup || local;","        // init lib","        local.local = local.npmtest_social_cms_backend = local;","        // init exports","        if (local.modeJs === 'browser') {","            local.global.utility2_npmtest_social_cms_backend = local;","        } else {","            module.exports = local;","            module.exports.__dirname = __dirname;","            module.exports.module = module;","        }","    }());","}());",""],"l":{"12":2,"14":2,"19":2,"21":2,"23":2,"24":2,"25":2,"30":1,"37":2,"41":2,"43":2,"45":2,"46":1,"48":1,"49":1,"50":1}},"/home/travis/build/npmtest/node-npmtest-social-cms-backend/example.js":{"path":"/home/travis/build/npmtest/node-npmtest-social-cms-backend/example.js","s":{"1":2,"2":2,"3":2,"4":2,"5":2,"6":2,"7":2,"8":1,"9":2,"10":2,"11":2,"12":2,"13":1,"14":2,"15":2,"16":2,"17":2,"18":2,"19":0,"20":2,"21":1,"22":1,"23":1,"24":1,"25":1,"26":0,"27":0,"28":1,"29":1,"30":2,"31":0,"32":0,"33":0,"34":1,"35":2,"36":2,"37":3,"38":3,"39":3,"40":3,"41":0,"42":3,"43":3,"44":3,"45":1,"46":3,"47":1,"48":1,"49":1,"50":1,"51":1,"52":1,"53":1,"54":1,"55":1,"56":1,"57":0,"58":1,"59":6,"60":6,"61":1,"62":2,"63":0,"64":2,"65":1,"66":1,"67":0,"68":0,"69":0,"70":0,"71":0,"72":0,"73":0,"74":0,"75":0,"76":0,"77":0,"78":0,"79":0,"80":0,"81":0,"82":0,"83":0},"b":{"1":[2,1,1,1],"2":[1,1,1,1],"3":[1,1],"4":[2,2],"5":[1,1],"6":[1,1],"7":[2,0],"8":[2,1,1,1,1,1],"9":[0,2,0],"10":[1,1],"11":[2,1,1],"12":[1,0],"13":[0,2],"14":[2,0,0,0,0,0,0],"15":[0,3],"16":[3,0],"17":[1,1],"18":[0,1],"19":[1,2,0,2],"20":[1,0],"21":[1,1],"22":[0,0],"23":[0,0],"24":[0,0],"25":[0,0],"26":[0,0],"27":[0,0],"28":[0,0]},"f":{"1":2,"2":2,"3":2,"4":2,"5":2,"6":2,"7":3,"8":3,"9":3,"10":1,"11":6,"12":0},"fnMap":{"1":{"name":"(anonymous_1)","line":26,"loc":{"start":{"line":26,"column":1},"end":{"line":26,"column":13}}},"2":{"name":"(anonymous_2)","line":33,"loc":{"start":{"line":33,"column":5},"end":{"line":33,"column":17}}},"3":{"name":"(anonymous_3)","line":37,"loc":{"start":{"line":37,"column":24},"end":{"line":37,"column":36}}},"4":{"name":"(anonymous_4)","line":69,"loc":{"start":{"line":69,"column":31},"end":{"line":69,"column":48}},"skip":true},"5":{"name":"(anonymous_5)","line":78,"loc":{"start":{"line":78,"column":26},"end":{"line":78,"column":45}},"skip":true},"6":{"name":"(anonymous_6)","line":123,"loc":{"start":{"line":123,"column":33},"end":{"line":123,"column":48}},"skip":true},"7":{"name":"(anonymous_7)","line":125,"loc":{"start":{"line":125,"column":27},"end":{"line":125,"column":39}},"skip":true},"8":{"name":"(anonymous_8)","line":133,"loc":{"start":{"line":133,"column":59},"end":{"line":133,"column":74}},"skip":true},"9":{"name":"(anonymous_9)","line":143,"loc":{"start":{"line":143,"column":45},"end":{"line":143,"column":62}},"skip":true},"10":{"name":"(anonymous_10)","line":144,"loc":{"start":{"line":144,"column":73},"end":{"line":144,"column":92}},"skip":true},"11":{"name":"(anonymous_11)","line":272,"loc":{"start":{"line":272,"column":51},"end":{"line":272,"column":77}},"skip":true},"12":{"name":"(anonymous_12)","line":315,"loc":{"start":{"line":315,"column":32},"end":{"line":315,"column":61}},"skip":true}},"statementMap":{"1":{"start":{"line":26,"column":0},"end":{"line":326,"column":5}},"2":{"start":{"line":28,"column":4},"end":{"line":28,"column":14}},"3":{"start":{"line":33,"column":4},"end":{"line":60,"column":9}},"4":{"start":{"line":35,"column":8},"end":{"line":35,"column":19}},"5":{"start":{"line":37,"column":8},"end":{"line":49,"column":13}},"6":{"start":{"line":38,"column":12},"end":{"line":48,"column":13}},"7":{"start":{"line":39,"column":16},"end":{"line":42,"column":30}},"8":{"start":{"line":44,"column":16},"end":{"line":47,"column":27}},"9":{"start":{"line":51,"column":8},"end":{"line":53,"column":21}},"10":{"start":{"line":55,"column":8},"end":{"line":57,"column":45}},"11":{"start":{"line":59,"column":8},"end":{"line":59,"column":35}},"12":{"start":{"line":61,"column":4},"end":{"line":325,"column":5}},"13":{"start":{"line":69,"column":8},"end":{"line":121,"column":10},"skip":true},"14":{"start":{"line":70,"column":12},"end":{"line":88,"column":13},"skip":true},"15":{"start":{"line":76,"column":16},"end":{"line":87,"column":19},"skip":true},"16":{"start":{"line":79,"column":20},"end":{"line":86,"column":21},"skip":true},"17":{"start":{"line":82,"column":24},"end":{"line":82,"column":43},"skip":true},"18":{"start":{"line":83,"column":24},"end":{"line":83,"column":30},"skip":true},"19":{"start":{"line":85,"column":24},"end":{"line":85,"column":49},"skip":true},"20":{"start":{"line":89,"column":12},"end":{"line":107,"column":13},"skip":true},"21":{"start":{"line":92,"column":16},"end":{"line":102,"column":17},"skip":true},"22":{"start":{"line":93,"column":20},"end":{"line":93,"column":86},"skip":true},"23":{"start":{"line":94,"column":20},"end":{"line":95,"column":45},"skip":true},"24":{"start":{"line":96,"column":20},"end":{"line":96,"column":42},"skip":true},"25":{"start":{"line":97,"column":20},"end":{"line":97,"column":48},"skip":true},"26":{"start":{"line":100,"column":20},"end":{"line":100,"column":85},"skip":true},"27":{"start":{"line":101,"column":20},"end":{"line":101,"column":96},"skip":true},"28":{"start":{"line":103,"column":16},"end":{"line":103,"column":22},"skip":true},"29":{"start":{"line":106,"column":16},"end":{"line":106,"column":22},"skip":true},"30":{"start":{"line":108,"column":12},"end":{"line":120,"column":13},"skip":true},"31":{"start":{"line":114,"column":16},"end":{"line":119,"column":17},"skip":true},"32":{"start":{"line":116,"column":20},"end":{"line":116,"column":78},"skip":true},"33":{"start":{"line":118,"column":20},"end":{"line":118,"column":47},"skip":true},"34":{"start":{"line":123,"column":8},"end":{"line":141,"column":11},"skip":true},"35":{"start":{"line":124,"column":12},"end":{"line":124,"column":54},"skip":true},"36":{"start":{"line":125,"column":12},"end":{"line":140,"column":14},"skip":true},"37":{"start":{"line":126,"column":16},"end":{"line":126,"column":28},"skip":true},"38":{"start":{"line":127,"column":16},"end":{"line":127,"column":69},"skip":true},"39":{"start":{"line":128,"column":16},"end":{"line":128,"column":75},"skip":true},"40":{"start":{"line":129,"column":16},"end":{"line":131,"column":17},"skip":true},"41":{"start":{"line":130,"column":20},"end":{"line":130,"column":27},"skip":true},"42":{"start":{"line":133,"column":16},"end":{"line":137,"column":36},"skip":true},"43":{"start":{"line":134,"column":20},"end":{"line":136,"column":55},"skip":true},"44":{"start":{"line":139,"column":16},"end":{"line":139,"column":57},"skip":true},"45":{"start":{"line":143,"column":8},"end":{"line":147,"column":11},"skip":true},"46":{"start":{"line":144,"column":12},"end":{"line":146,"column":15},"skip":true},"47":{"start":{"line":145,"column":16},"end":{"line":145,"column":70},"skip":true},"48":{"start":{"line":149,"column":8},"end":{"line":149,"column":31},"skip":true},"49":{"start":{"line":150,"column":8},"end":{"line":150,"column":14},"skip":true},"50":{"start":{"line":158,"column":8},"end":{"line":158,"column":31},"skip":true},"51":{"start":{"line":160,"column":8},"end":{"line":160,"column":33},"skip":true},"52":{"start":{"line":161,"column":8},"end":{"line":161,"column":37},"skip":true},"53":{"start":{"line":162,"column":8},"end":{"line":162,"column":35},"skip":true},"54":{"start":{"line":164,"column":8},"end":{"line":164,"column":50},"skip":true},"55":{"start":{"line":166,"column":8},"end":{"line":256,"column":2},"skip":true},"56":{"start":{"line":258,"column":8},"end":{"line":286,"column":9},"skip":true},"57":{"start":{"line":259,"column":12},"end":{"line":269,"column":14},"skip":true},"58":{"start":{"line":271,"column":12},"end":{"line":285,"column":19},"skip":true},"59":{"start":{"line":274,"column":20},"end":{"line":274,"column":35},"skip":true},"60":{"start":{"line":275,"column":20},"end":{"line":284,"column":21},"skip":true},"61":{"start":{"line":277,"column":24},"end":{"line":277,"column":64},"skip":true},"62":{"start":{"line":279,"column":24},"end":{"line":279,"column":40},"skip":true},"63":{"start":{"line":281,"column":24},"end":{"line":281,"column":40},"skip":true},"64":{"start":{"line":283,"column":24},"end":{"line":283,"column":39},"skip":true},"65":{"start":{"line":288,"column":8},"end":{"line":290,"column":9},"skip":true},"66":{"start":{"line":289,"column":12},"end":{"line":289,"column":18},"skip":true},"67":{"start":{"line":291,"column":8},"end":{"line":293,"column":54},"skip":true},"68":{"start":{"line":296,"column":8},"end":{"line":301,"column":37},"skip":true},"69":{"start":{"line":303,"column":8},"end":{"line":303,"column":82},"skip":true},"70":{"start":{"line":306,"column":8},"end":{"line":308,"column":9},"skip":true},"71":{"start":{"line":307,"column":12},"end":{"line":307,"column":82},"skip":true},"72":{"start":{"line":310,"column":8},"end":{"line":312,"column":9},"skip":true},"73":{"start":{"line":311,"column":12},"end":{"line":311,"column":18},"skip":true},"74":{"start":{"line":313,"column":8},"end":{"line":313,"column":54},"skip":true},"75":{"start":{"line":314,"column":8},"end":{"line":314,"column":69},"skip":true},"76":{"start":{"line":315,"column":8},"end":{"line":323,"column":36},"skip":true},"77":{"start":{"line":316,"column":12},"end":{"line":316,"column":61},"skip":true},"78":{"start":{"line":317,"column":12},"end":{"line":320,"column":13},"skip":true},"79":{"start":{"line":318,"column":16},"end":{"line":318,"column":75},"skip":true},"80":{"start":{"line":319,"column":16},"end":{"line":319,"column":23},"skip":true},"81":{"start":{"line":321,"column":12},"end":{"line":321,"column":38},"skip":true},"82":{"start":{"line":322,"column":12},"end":{"line":322,"column":27},"skip":true},"83":{"start":{"line":324,"column":8},"end":{"line":324,"column":14},"skip":true}},"branchMap":{"1":{"line":39,"type":"binary-expr","locations":[{"start":{"line":39,"column":23},"end":{"line":39,"column":62}},{"start":{"line":40,"column":20},"end":{"line":40,"column":70}},{"start":{"line":41,"column":20},"end":{"line":41,"column":71}},{"start":{"line":42,"column":20},"end":{"line":42,"column":29}}]},"2":{"line":44,"type":"binary-expr","locations":[{"start":{"line":44,"column":23},"end":{"line":44,"column":37}},{"start":{"line":45,"column":20},"end":{"line":45,"column":61}},{"start":{"line":46,"column":20},"end":{"line":46,"column":70}},{"start":{"line":47,"column":20},"end":{"line":47,"column":26}}]},"3":{"line":51,"type":"cond-expr","locations":[{"start":{"line":52,"column":14},"end":{"line":52,"column":20}},{"start":{"line":53,"column":14},"end":{"line":53,"column":20}}]},"4":{"line":55,"type":"binary-expr","locations":[{"start":{"line":55,"column":16},"end":{"line":55,"column":44}},{"start":{"line":55,"column":49},"end":{"line":57,"column":43}}]},"5":{"line":55,"type":"cond-expr","locations":[{"start":{"line":56,"column":14},"end":{"line":56,"column":62}},{"start":{"line":57,"column":14},"end":{"line":57,"column":43}}]},"6":{"line":61,"type":"switch","locations":[{"start":{"line":68,"column":4},"end":{"line":150,"column":14},"skip":true},{"start":{"line":156,"column":4},"end":{"line":324,"column":14},"skip":true}]},"7":{"line":70,"type":"if","locations":[{"start":{"line":70,"column":12},"end":{"line":70,"column":12},"skip":true},{"start":{"line":70,"column":12},"end":{"line":70,"column":12},"skip":true}]},"8":{"line":70,"type":"binary-expr","locations":[{"start":{"line":70,"column":16},"end":{"line":70,"column":22},"skip":true},{"start":{"line":70,"column":27},"end":{"line":70,"column":32},"skip":true},{"start":{"line":71,"column":20},"end":{"line":71,"column":39},"skip":true},{"start":{"line":72,"column":20},"end":{"line":72,"column":49},"skip":true},{"start":{"line":73,"column":20},"end":{"line":73,"column":58},"skip":true},{"start":{"line":74,"column":20},"end":{"line":74,"column":69},"skip":true}]},"9":{"line":79,"type":"switch","locations":[{"start":{"line":80,"column":20},"end":{"line":80,"column":33},"skip":true},{"start":{"line":81,"column":20},"end":{"line":83,"column":30},"skip":true},{"start":{"line":84,"column":20},"end":{"line":85,"column":49},"skip":true}]},"10":{"line":89,"type":"switch","locations":[{"start":{"line":90,"column":12},"end":{"line":103,"column":22},"skip":true},{"start":{"line":105,"column":12},"end":{"line":106,"column":22},"skip":true}]},"11":{"line":89,"type":"binary-expr","locations":[{"start":{"line":89,"column":20},"end":{"line":89,"column":25},"skip":true},{"start":{"line":89,"column":29},"end":{"line":89,"column":48},"skip":true},{"start":{"line":89,"column":52},"end":{"line":89,"column":74},"skip":true}]},"12":{"line":92,"type":"if","locations":[{"start":{"line":92,"column":16},"end":{"line":92,"column":16},"skip":true},{"start":{"line":92,"column":16},"end":{"line":92,"column":16},"skip":true}]},"13":{"line":108,"type":"if","locations":[{"start":{"line":108,"column":12},"end":{"line":108,"column":12},"skip":true},{"start":{"line":108,"column":12},"end":{"line":108,"column":12},"skip":true}]},"14":{"line":108,"type":"binary-expr","locations":[{"start":{"line":108,"column":16},"end":{"line":108,"column":61},"skip":true},{"start":{"line":108,"column":66},"end":{"line":108,"column":72},"skip":true},{"start":{"line":108,"column":77},"end":{"line":108,"column":82},"skip":true},{"start":{"line":109,"column":20},"end":{"line":109,"column":39},"skip":true},{"start":{"line":110,"column":20},"end":{"line":110,"column":49},"skip":true},{"start":{"line":111,"column":20},"end":{"line":111,"column":58},"skip":true},{"start":{"line":112,"column":20},"end":{"line":112,"column":68},"skip":true}]},"15":{"line":129,"type":"if","locations":[{"start":{"line":129,"column":16},"end":{"line":129,"column":16},"skip":true},{"start":{"line":129,"column":16},"end":{"line":129,"column":16},"skip":true}]},"16":{"line":134,"type":"cond-expr","locations":[{"start":{"line":135,"column":26},"end":{"line":135,"column":29},"skip":true},{"start":{"line":136,"column":26},"end":{"line":136,"column":54},"skip":true}]},"17":{"line":164,"type":"binary-expr","locations":[{"start":{"line":164,"column":27},"end":{"line":164,"column":43},"skip":true},{"start":{"line":164,"column":47},"end":{"line":164,"column":49},"skip":true}]},"18":{"line":258,"type":"if","locations":[{"start":{"line":258,"column":8},"end":{"line":258,"column":8},"skip":true},{"start":{"line":258,"column":8},"end":{"line":258,"column":8},"skip":true}]},"19":{"line":275,"type":"switch","locations":[{"start":{"line":276,"column":20},"end":{"line":277,"column":64},"skip":true},{"start":{"line":278,"column":20},"end":{"line":279,"column":40},"skip":true},{"start":{"line":280,"column":20},"end":{"line":281,"column":40},"skip":true},{"start":{"line":282,"column":20},"end":{"line":283,"column":39},"skip":true}]},"20":{"line":288,"type":"if","locations":[{"start":{"line":288,"column":8},"end":{"line":288,"column":8},"skip":true},{"start":{"line":288,"column":8},"end":{"line":288,"column":8},"skip":true}]},"21":{"line":288,"type":"binary-expr","locations":[{"start":{"line":288,"column":12},"end":{"line":288,"column":40},"skip":true},{"start":{"line":288,"column":44},"end":{"line":288,"column":67},"skip":true}]},"22":{"line":292,"type":"binary-expr","locations":[{"start":{"line":292,"column":12},"end":{"line":292,"column":50},"skip":true},{"start":{"line":293,"column":12},"end":{"line":293,"column":53},"skip":true}]},"23":{"line":297,"type":"binary-expr","locations":[{"start":{"line":297,"column":12},"end":{"line":297,"column":76},"skip":true},{"start":{"line":298,"column":12},"end":{"line":301,"column":36},"skip":true}]},"24":{"line":303,"type":"binary-expr","locations":[{"start":{"line":303,"column":43},"end":{"line":303,"column":75},"skip":true},{"start":{"line":303,"column":79},"end":{"line":303,"column":81},"skip":true}]},"25":{"line":306,"type":"if","locations":[{"start":{"line":306,"column":8},"end":{"line":306,"column":8},"skip":true},{"start":{"line":306,"column":8},"end":{"line":306,"column":8},"skip":true}]},"26":{"line":310,"type":"if","locations":[{"start":{"line":310,"column":8},"end":{"line":310,"column":8},"skip":true},{"start":{"line":310,"column":8},"end":{"line":310,"column":8},"skip":true}]},"27":{"line":313,"type":"binary-expr","locations":[{"start":{"line":313,"column":27},"end":{"line":313,"column":43},"skip":true},{"start":{"line":313,"column":47},"end":{"line":313,"column":53},"skip":true}]},"28":{"line":317,"type":"if","locations":[{"start":{"line":317,"column":12},"end":{"line":317,"column":12},"skip":true},{"start":{"line":317,"column":12},"end":{"line":317,"column":12},"skip":true}]}},"code":["/*","example.js","","quickstart example","","instruction","    1. save this script as example.js","    2. run the shell command:","        $ npm install npmtest-social-cms-backend && PORT=8081 node example.js","    3. play with the browser-demo on http://127.0.0.1:8081","*/","","","","/* istanbul instrument in package npmtest_social_cms_backend */","/*jslint","    bitwise: true,","    browser: true,","    maxerr: 8,","    maxlen: 96,","    node: true,","    nomen: true,","    regexp: true,","    stupid: true","*/","(function () {","    'use strict';","    var local;","","","","    // run shared js-env code - init-before","    (function () {","        // init local","        local = {};","        // init modeJs","        local.modeJs = (function () {","            try {","                return typeof navigator.userAgent === 'string' &&","                    typeof document.querySelector('body') === 'object' &&","                    typeof XMLHttpRequest.prototype.open === 'function' &&","                    'browser';","            } catch (errorCaughtBrowser) {","                return module.exports &&","                    typeof process.versions.node === 'string' &&","                    typeof require('http').createServer === 'function' &&","                    'node';","            }","        }());","        // init global","        local.global = local.modeJs === 'browser'","            ? window","            : global;","        // init utility2_rollup","        local = local.global.utility2_rollup || (local.modeJs === 'browser'","            ? local.global.utility2_npmtest_social_cms_backend","            : global.utility2_moduleExports);","        // export local","        local.global.local = local;","    }());","    switch (local.modeJs) {","","","","    // init-after","    // run browser js-env code - init-after","    /* istanbul ignore next */","    case 'browser':","        local.testRunBrowser = function (event) {","            if (!event || (event &&","                    event.currentTarget &&","                    event.currentTarget.className &&","                    event.currentTarget.className.includes &&","                    event.currentTarget.className.includes('onreset'))) {","                // reset output","                Array.from(","                    document.querySelectorAll('body > .resettable')","                ).forEach(function (element) {","                    switch (element.tagName) {","                    case 'INPUT':","                    case 'TEXTAREA':","                        element.value = '';","                        break;","                    default:","                        element.textContent = '';","                    }","                });","            }","            switch (event && event.currentTarget && event.currentTarget.id) {","            case 'testRunButton1':","                // show tests","                if (document.querySelector('#testReportDiv1').style.display === 'none') {","                    document.querySelector('#testReportDiv1').style.display = 'block';","                    document.querySelector('#testRunButton1').textContent =","                        'hide internal test';","                    local.modeTest = true;","                    local.testRunDefault(local);","                // hide tests","                } else {","                    document.querySelector('#testReportDiv1').style.display = 'none';","                    document.querySelector('#testRunButton1').textContent = 'run internal test';","                }","                break;","            // custom-case","            default:","                break;","            }","            if (document.querySelector('#inputTextareaEval1') && (!event || (event &&","                    event.currentTarget &&","                    event.currentTarget.className &&","                    event.currentTarget.className.includes &&","                    event.currentTarget.className.includes('oneval')))) {","                // try to eval input-code","                try {","                    /*jslint evil: true*/","                    eval(document.querySelector('#inputTextareaEval1').value);","                } catch (errorCaught) {","                    console.error(errorCaught);","                }","            }","        };","        // log stderr and stdout to #outputTextareaStdout1","        ['error', 'log'].forEach(function (key) {","            console[key + '_original'] = console[key];","            console[key] = function () {","                var element;","                console[key + '_original'].apply(console, arguments);","                element = document.querySelector('#outputTextareaStdout1');","                if (!element) {","                    return;","                }","                // append text to #outputTextareaStdout1","                element.value += Array.from(arguments).map(function (arg) {","                    return typeof arg === 'string'","                        ? arg","                        : JSON.stringify(arg, null, 4);","                }).join(' ') + '\\n';","                // scroll textarea to bottom","                element.scrollTop = element.scrollHeight;","            };","        });","        // init event-handling","        ['change', 'click', 'keyup'].forEach(function (event) {","            Array.from(document.querySelectorAll('.on' + event)).forEach(function (element) {","                element.addEventListener(event, local.testRunBrowser);","            });","        });","        // run tests","        local.testRunBrowser();","        break;","","","","    // run node js-env code - init-after","    /* istanbul ignore next */","    case 'node':","        // export local","        module.exports = local;","        // require modules","        local.fs = require('fs');","        local.http = require('http');","        local.url = require('url');","        // init assets","        local.assetsDict = local.assetsDict || {};","        /* jslint-ignore-begin */","        local.assetsDict['/assets.index.template.html'] = '\\","<!doctype html>\\n\\","<html lang=\"en\">\\n\\","<head>\\n\\","<meta charset=\"UTF-8\">\\n\\","<meta name=\"viewport\" content=\"width=device-width, initial-scale=1\">\\n\\","<title>{{env.npm_package_name}} (v{{env.npm_package_version}})</title>\\n\\","<style>\\n\\","/*csslint\\n\\","    box-sizing: false,\\n\\","    universal-selector: false\\n\\","*/\\n\\","* {\\n\\","    box-sizing: border-box;\\n\\","}\\n\\","body {\\n\\","    background: #dde;\\n\\","    font-family: Arial, Helvetica, sans-serif;\\n\\","    margin: 2rem;\\n\\","}\\n\\","body > * {\\n\\","    margin-bottom: 1rem;\\n\\","}\\n\\",".utility2FooterDiv {\\n\\","    margin-top: 20px;\\n\\","    text-align: center;\\n\\","}\\n\\","</style>\\n\\","<style>\\n\\","/*csslint\\n\\","*/\\n\\","textarea {\\n\\","    font-family: monospace;\\n\\","    height: 10rem;\\n\\","    width: 100%;\\n\\","}\\n\\","textarea[readonly] {\\n\\","    background: #ddd;\\n\\","}\\n\\","</style>\\n\\","</head>\\n\\","<body>\\n\\","<!-- utility2-comment\\n\\","<div id=\"ajaxProgressDiv1\" style=\"background: #d00; height: 2px; left: 0; margin: 0; padding: 0; position: fixed; top: 0; transition: background 0.5s, width 1.5s; width: 25%;\"></div>\\n\\","utility2-comment -->\\n\\","<h1>\\n\\","<!-- utility2-comment\\n\\","    <a\\n\\","        {{#if env.npm_package_homepage}}\\n\\","        href=\"{{env.npm_package_homepage}}\"\\n\\","        {{/if env.npm_package_homepage}}\\n\\","        target=\"_blank\"\\n\\","    >\\n\\","utility2-comment -->\\n\\","        {{env.npm_package_name}} (v{{env.npm_package_version}})\\n\\","<!-- utility2-comment\\n\\","    </a>\\n\\","utility2-comment -->\\n\\","</h1>\\n\\","<h3>{{env.npm_package_description}}</h3>\\n\\","<!-- utility2-comment\\n\\","<h4><a download href=\"assets.app.js\">download standalone app</a></h4>\\n\\","<button class=\"onclick onreset\" id=\"testRunButton1\">run internal test</button><br>\\n\\","<div id=\"testReportDiv1\" style=\"display: none;\"></div>\\n\\","utility2-comment -->\\n\\","\\n\\","\\n\\","\\n\\","<label>stderr and stdout</label>\\n\\","<textarea class=\"resettable\" id=\"outputTextareaStdout1\" readonly></textarea>\\n\\","<!-- utility2-comment\\n\\","{{#if isRollup}}\\n\\","<script src=\"assets.app.js\"></script>\\n\\","{{#unless isRollup}}\\n\\","utility2-comment -->\\n\\","<script src=\"assets.utility2.rollup.js\"></script>\\n\\","<script src=\"jsonp.utility2._stateInit?callback=window.utility2._stateInit\"></script>\\n\\","<script src=\"assets.npmtest_social_cms_backend.rollup.js\"></script>\\n\\","<script src=\"assets.example.js\"></script>\\n\\","<script src=\"assets.test.js\"></script>\\n\\","<!-- utility2-comment\\n\\","{{/if isRollup}}\\n\\","utility2-comment -->\\n\\","<div class=\"utility2FooterDiv\">\\n\\","    [ this app was created with\\n\\","    <a href=\"https://github.com/kaizhu256/node-utility2\" target=\"_blank\">utility2</a>\\n\\","    ]\\n\\","</div>\\n\\","</body>\\n\\","</html>\\n\\","';","        /* jslint-ignore-end */","        if (local.templateRender) {","            local.assetsDict['/'] = local.templateRender(","                local.assetsDict['/assets.index.template.html'],","                {","                    env: local.objectSetDefault(local.env, {","                        npm_package_description: 'the greatest app in the world!',","                        npm_package_name: 'my-app',","                        npm_package_nameAlias: 'my_app',","                        npm_package_version: '0.0.1'","                    })","                }","            );","        } else {","            local.assetsDict['/'] = local.assetsDict['/assets.index.template.html']","                .replace((/\\{\\{env\\.(\\w+?)\\}\\}/g), function (match0, match1) {","                    // jslint-hack","                    String(match0);","                    switch (match1) {","                    case 'npm_package_description':","                        return 'the greatest app in the world!';","                    case 'npm_package_name':","                        return 'my-app';","                    case 'npm_package_nameAlias':","                        return 'my_app';","                    case 'npm_package_version':","                        return '0.0.1';","                    }","                });","        }","        // run the cli","        if (local.global.utility2_rollup || module !== require.main) {","            break;","        }","        local.assetsDict['/assets.example.js'] =","            local.assetsDict['/assets.example.js'] ||","            local.fs.readFileSync(__filename, 'utf8');","        // bug-workaround - long $npm_package_buildCustomOrg","        /* jslint-ignore-begin */","        local.assetsDict['/assets.npmtest_social_cms_backend.rollup.js'] =","            local.assetsDict['/assets.npmtest_social_cms_backend.rollup.js'] ||","            local.fs.readFileSync(","                local.npmtest_social_cms_backend.__dirname + '/lib.npmtest_social_cms_backend.js',","                'utf8'","            ).replace((/^#!/), '//');","        /* jslint-ignore-end */","        local.assetsDict['/favicon.ico'] = local.assetsDict['/favicon.ico'] || '';","        // if $npm_config_timeout_exit exists,","        // then exit this process after $npm_config_timeout_exit ms","        if (Number(process.env.npm_config_timeout_exit)) {","            setTimeout(process.exit, Number(process.env.npm_config_timeout_exit));","        }","        // start server","        if (local.global.utility2_serverHttp1) {","            break;","        }","        process.env.PORT = process.env.PORT || '8081';","        console.error('server starting on port ' + process.env.PORT);","        local.http.createServer(function (request, response) {","            request.urlParsed = local.url.parse(request.url);","            if (local.assetsDict[request.urlParsed.pathname] !== undefined) {","                response.end(local.assetsDict[request.urlParsed.pathname]);","                return;","            }","            response.statusCode = 404;","            response.end();","        }).listen(process.env.PORT);","        break;","    }","}());",""],"l":{"26":2,"28":2,"33":2,"35":2,"37":2,"38":2,"39":2,"44":1,"51":2,"55":2,"59":2,"61":2,"69":1,"70":2,"76":2,"79":2,"82":2,"83":2,"85":1,"89":2,"92":1,"93":1,"94":1,"96":1,"97":1,"100":1,"101":1,"103":1,"106":1,"108":2,"114":1,"116":1,"118":1,"123":1,"124":2,"125":2,"126":3,"127":3,"128":3,"129":3,"130":1,"133":3,"134":3,"139":3,"143":1,"144":3,"145":1,"149":1,"150":1,"158":1,"160":1,"161":1,"162":1,"164":1,"166":1,"258":1,"259":1,"271":1,"274":6,"275":6,"277":1,"279":2,"281":1,"283":2,"288":1,"289":1,"291":1,"296":1,"303":1,"306":1,"307":1,"310":1,"311":1,"313":1,"314":1,"315":1,"316":1,"317":1,"318":1,"319":1,"321":1,"322":1,"324":1}},"/home/travis/build/npmtest/node-npmtest-social-cms-backend/node_modules/social-cms-backend/lib/index.js":{"path":"/home/travis/build/npmtest/node-npmtest-social-cms-backend/node_modules/social-cms-backend/lib/index.js","s":{"1":1,"2":1,"3":1,"4":1,"5":1},"b":{},"f":{},"fnMap":{},"statementMap":{"1":{"start":{"line":27,"column":0},"end":{"line":27,"column":48}},"2":{"start":{"line":28,"column":0},"end":{"line":28,"column":83}},"3":{"start":{"line":29,"column":0},"end":{"line":29,"column":101}},"4":{"start":{"line":30,"column":0},"end":{"line":30,"column":98}},"5":{"start":{"line":31,"column":0},"end":{"line":31,"column":65}}},"branchMap":{},"code":["/*","  Copyright (C) 2013-2015, Daishi Kato <daishi@axlight.com>","  All rights reserved.","","  Redistribution and use in source and binary forms, with or without","  modification, are permitted provided that the following conditions are met:","","    * Redistributions of source code must retain the above copyright","      notice, this list of conditions and the following disclaimer.","    * Redistributions in binary form must reproduce the above copyright","      notice, this list of conditions and the following disclaimer in the","      documentation and/or other materials provided with the distribution.","","  THIS SOFTWARE IS PROVIDED BY THE COPYRIGHT HOLDERS AND CONTRIBUTORS","  \"AS IS\" AND ANY EXPRESS OR IMPLIED WARRANTIES, INCLUDING, BUT NOT","  LIMITED TO, THE IMPLIED WARRANTIES OF MERCHANTABILITY AND FITNESS FOR","  A PARTICULAR PURPOSE ARE DISCLAIMED. IN NO EVENT SHALL THE COPYRIGHT","  HOLDER OR CONTRIBUTORS BE LIABLE FOR ANY DIRECT, INDIRECT, INCIDENTAL,","  SPECIAL, EXEMPLARY, OR CONSEQUENTIAL DAMAGES (INCLUDING, BUT NOT","  LIMITED TO, PROCUREMENT OF SUBSTITUTE GOODS OR SERVICES; LOSS OF USE,","  DATA, OR PROFITS; OR BUSINESS INTERRUPTION) HOWEVER CAUSED AND ON ANY","  THEORY OF LIABILITY, WHETHER IN CONTRACT, STRICT LIABILITY, OR TORT","  (INCLUDING NEGLIGENCE OR OTHERWISE) ARISING IN ANY WAY OUT OF THE USE","  OF THIS SOFTWARE, EVEN IF ADVISED OF THE POSSIBILITY OF SUCH DAMAGE.","*/","","exports.middleware = require('./middleware.js');","exports.mongodbManager = exports.mongodb_manager = require('./mongodb_manager.js');","exports.authorizationManager = exports.authorization_manager = require('./authorization_manager.js');","exports.notificationManager = exports.notification_manager = require('./notification_manager.js');","exports.socketIo = exports.socket_io = require('./socket_io.js');",""],"l":{"27":1,"28":1,"29":1,"30":1,"31":1}},"/home/travis/build/npmtest/node-npmtest-social-cms-backend/node_modules/social-cms-backend/lib/middleware.js":{"path":"/home/travis/build/npmtest/node-npmtest-social-cms-backend/node_modules/social-cms-backend/lib/middleware.js","s":{"1":1,"2":1,"3":1,"4":0,"5":1,"6":0,"7":1,"8":0,"9":0,"10":0,"11":0,"12":0,"13":0,"14":0,"15":0,"16":0,"17":1,"18":0,"19":0,"20":0,"21":0,"22":0,"23":0,"24":0,"25":0,"26":0,"27":0,"28":0,"29":0,"30":0,"31":0,"32":0,"33":0,"34":0,"35":0,"36":0,"37":0,"38":0,"39":0,"40":0,"41":0,"42":0,"43":0,"44":0,"45":0,"46":0,"47":0,"48":0,"49":0,"50":0,"51":0,"52":0,"53":0,"54":0,"55":0,"56":0,"57":0,"58":0,"59":0,"60":0,"61":0,"62":1,"63":1},"b":{"1":[0,0],"2":[0,0],"3":[0,0],"4":[0,0],"5":[0,0],"6":[0,0],"7":[0,0],"8":[0,0],"9":[0,0],"10":[0,0],"11":[0,0],"12":[0,0],"13":[0,0],"14":[0,0],"15":[0,0],"16":[0,0]},"f":{"1":0,"2":0,"3":0,"4":0,"5":0,"6":0,"7":0,"8":0,"9":0,"10":0,"11":0,"12":0,"13":0},"fnMap":{"1":{"name":"(anonymous_1)","line":34,"loc":{"start":{"line":34,"column":23},"end":{"line":34,"column":44}}},"2":{"name":"(anonymous_2)","line":38,"loc":{"start":{"line":38,"column":25},"end":{"line":38,"column":46}}},"3":{"name":"convertCamelCaseOptions","line":46,"loc":{"start":{"line":46,"column":0},"end":{"line":46,"column":42}}},"4":{"name":"(anonymous_4)","line":49,"loc":{"start":{"line":49,"column":31},"end":{"line":49,"column":45}}},"5":{"name":"(anonymous_5)","line":50,"loc":{"start":{"line":50,"column":41},"end":{"line":50,"column":65}}},"6":{"name":"middleware","line":62,"loc":{"start":{"line":62,"column":0},"end":{"line":62,"column":29}}},"7":{"name":"(anonymous_7)","line":74,"loc":{"start":{"line":74,"column":12},"end":{"line":74,"column":25}}},"8":{"name":"(anonymous_8)","line":79,"loc":{"start":{"line":79,"column":15},"end":{"line":79,"column":47}}},"9":{"name":"(anonymous_9)","line":81,"loc":{"start":{"line":81,"column":29},"end":{"line":81,"column":43}}},"10":{"name":"(anonymous_10)","line":117,"loc":{"start":{"line":117,"column":6},"end":{"line":117,"column":31}}},"11":{"name":"(anonymous_11)","line":138,"loc":{"start":{"line":138,"column":25},"end":{"line":138,"column":41}}},"12":{"name":"(anonymous_12)","line":140,"loc":{"start":{"line":140,"column":8},"end":{"line":140,"column":33}}},"13":{"name":"(anonymous_13)","line":150,"loc":{"start":{"line":150,"column":9},"end":{"line":150,"column":34}}}},"statementMap":{"1":{"start":{"line":27,"column":0},"end":{"line":27,"column":35}},"2":{"start":{"line":28,"column":0},"end":{"line":28,"column":50}},"3":{"start":{"line":34,"column":0},"end":{"line":36,"column":3}},"4":{"start":{"line":35,"column":2},"end":{"line":35,"column":19}},"5":{"start":{"line":38,"column":0},"end":{"line":40,"column":3}},"6":{"start":{"line":39,"column":2},"end":{"line":39,"column":19}},"7":{"start":{"line":46,"column":0},"end":{"line":56,"column":1}},"8":{"start":{"line":47,"column":2},"end":{"line":47,"column":23}},"9":{"start":{"line":47,"column":16},"end":{"line":47,"column":23}},"10":{"start":{"line":48,"column":2},"end":{"line":48,"column":42}},"11":{"start":{"line":48,"column":35},"end":{"line":48,"column":42}},"12":{"start":{"line":49,"column":2},"end":{"line":55,"column":5}},"13":{"start":{"line":50,"column":4},"end":{"line":52,"column":7}},"14":{"start":{"line":51,"column":6},"end":{"line":51,"column":40}},"15":{"start":{"line":53,"column":4},"end":{"line":53,"column":35}},"16":{"start":{"line":54,"column":4},"end":{"line":54,"column":42}},"17":{"start":{"line":62,"column":0},"end":{"line":153,"column":1}},"18":{"start":{"line":63,"column":2},"end":{"line":63,"column":26}},"19":{"start":{"line":64,"column":2},"end":{"line":64,"column":35}},"20":{"start":{"line":66,"column":2},"end":{"line":66,"column":54}},"21":{"start":{"line":67,"column":2},"end":{"line":67,"column":60}},"22":{"start":{"line":68,"column":2},"end":{"line":68,"column":59}},"23":{"start":{"line":71,"column":2},"end":{"line":71,"column":17}},"24":{"start":{"line":74,"column":2},"end":{"line":76,"column":4}},"25":{"start":{"line":75,"column":4},"end":{"line":75,"column":19}},"26":{"start":{"line":79,"column":2},"end":{"line":88,"column":4}},"27":{"start":{"line":80,"column":4},"end":{"line":87,"column":5}},"28":{"start":{"line":81,"column":6},"end":{"line":84,"column":9}},"29":{"start":{"line":82,"column":8},"end":{"line":82,"column":34}},"30":{"start":{"line":82,"column":17},"end":{"line":82,"column":34}},"31":{"start":{"line":83,"column":8},"end":{"line":83,"column":42}},"32":{"start":{"line":86,"column":6},"end":{"line":86,"column":13}},"33":{"start":{"line":91,"column":2},"end":{"line":91,"column":34}},"34":{"start":{"line":92,"column":2},"end":{"line":94,"column":6}},"35":{"start":{"line":96,"column":2},"end":{"line":98,"column":6}},"36":{"start":{"line":100,"column":2},"end":{"line":100,"column":29}},"37":{"start":{"line":101,"column":2},"end":{"line":101,"column":26}},"38":{"start":{"line":103,"column":2},"end":{"line":103,"column":67}},"39":{"start":{"line":104,"column":2},"end":{"line":115,"column":3}},"40":{"start":{"line":105,"column":4},"end":{"line":105,"column":60}},"41":{"start":{"line":106,"column":9},"end":{"line":115,"column":3}},"42":{"start":{"line":107,"column":4},"end":{"line":107,"column":63}},"43":{"start":{"line":108,"column":9},"end":{"line":115,"column":3}},"44":{"start":{"line":109,"column":4},"end":{"line":109,"column":62}},"45":{"start":{"line":110,"column":9},"end":{"line":115,"column":3}},"46":{"start":{"line":111,"column":4},"end":{"line":111,"column":61}},"47":{"start":{"line":114,"column":4},"end":{"line":114,"column":35}},"48":{"start":{"line":117,"column":2},"end":{"line":122,"column":5}},"49":{"start":{"line":118,"column":4},"end":{"line":118,"column":30}},"50":{"start":{"line":119,"column":4},"end":{"line":121,"column":5}},"51":{"start":{"line":120,"column":6},"end":{"line":120,"column":13}},"52":{"start":{"line":124,"column":2},"end":{"line":136,"column":5}},"53":{"start":{"line":138,"column":2},"end":{"line":148,"column":5}},"54":{"start":{"line":139,"column":4},"end":{"line":139,"column":63}},"55":{"start":{"line":140,"column":4},"end":{"line":147,"column":7}},"56":{"start":{"line":141,"column":6},"end":{"line":146,"column":7}},"57":{"start":{"line":142,"column":8},"end":{"line":142,"column":64}},"58":{"start":{"line":143,"column":8},"end":{"line":143,"column":29}},"59":{"start":{"line":145,"column":8},"end":{"line":145,"column":15}},"60":{"start":{"line":150,"column":2},"end":{"line":152,"column":4}},"61":{"start":{"line":151,"column":4},"end":{"line":151,"column":30}},"62":{"start":{"line":155,"column":0},"end":{"line":155,"column":28}},"63":{"start":{"line":156,"column":0},"end":{"line":156,"column":65}}},"branchMap":{"1":{"line":47,"type":"if","locations":[{"start":{"line":47,"column":2},"end":{"line":47,"column":2}},{"start":{"line":47,"column":2},"end":{"line":47,"column":2}}]},"2":{"line":48,"type":"if","locations":[{"start":{"line":48,"column":2},"end":{"line":48,"column":2}},{"start":{"line":48,"column":2},"end":{"line":48,"column":2}}]},"3":{"line":63,"type":"binary-expr","locations":[{"start":{"line":63,"column":12},"end":{"line":63,"column":19}},{"start":{"line":63,"column":23},"end":{"line":63,"column":25}}]},"4":{"line":80,"type":"if","locations":[{"start":{"line":80,"column":4},"end":{"line":80,"column":4}},{"start":{"line":80,"column":4},"end":{"line":80,"column":4}}]},"5":{"line":82,"type":"if","locations":[{"start":{"line":82,"column":8},"end":{"line":82,"column":8}},{"start":{"line":82,"column":8},"end":{"line":82,"column":8}}]},"6":{"line":96,"type":"binary-expr","locations":[{"start":{"line":96,"column":6},"end":{"line":96,"column":32}},{"start":{"line":96,"column":36},"end":{"line":98,"column":4}}]},"7":{"line":97,"type":"binary-expr","locations":[{"start":{"line":97,"column":12},"end":{"line":97,"column":34}},{"start":{"line":97,"column":38},"end":{"line":97,"column":83}}]},"8":{"line":103,"type":"binary-expr","locations":[{"start":{"line":103,"column":30},"end":{"line":103,"column":55}},{"start":{"line":103,"column":59},"end":{"line":103,"column":66}}]},"9":{"line":104,"type":"if","locations":[{"start":{"line":104,"column":2},"end":{"line":104,"column":2}},{"start":{"line":104,"column":2},"end":{"line":104,"column":2}}]},"10":{"line":106,"type":"if","locations":[{"start":{"line":106,"column":9},"end":{"line":106,"column":9}},{"start":{"line":106,"column":9},"end":{"line":106,"column":9}}]},"11":{"line":108,"type":"if","locations":[{"start":{"line":108,"column":9},"end":{"line":108,"column":9}},{"start":{"line":108,"column":9},"end":{"line":108,"column":9}}]},"12":{"line":110,"type":"if","locations":[{"start":{"line":110,"column":9},"end":{"line":110,"column":9}},{"start":{"line":110,"column":9},"end":{"line":110,"column":9}}]},"13":{"line":119,"type":"if","locations":[{"start":{"line":119,"column":4},"end":{"line":119,"column":4}},{"start":{"line":119,"column":4},"end":{"line":119,"column":4}}]},"14":{"line":119,"type":"binary-expr","locations":[{"start":{"line":119,"column":8},"end":{"line":119,"column":29}},{"start":{"line":119,"column":33},"end":{"line":119,"column":49}}]},"15":{"line":124,"type":"binary-expr","locations":[{"start":{"line":124,"column":19},"end":{"line":124,"column":33}},{"start":{"line":124,"column":37},"end":{"line":136,"column":4}}]},"16":{"line":141,"type":"if","locations":[{"start":{"line":141,"column":6},"end":{"line":141,"column":6}},{"start":{"line":141,"column":6},"end":{"line":141,"column":6}}]}},"code":["/*","  Copyright (C) 2013-2015, Daishi Kato <daishi@axlight.com>","  All rights reserved.","","  Redistribution and use in source and binary forms, with or without","  modification, are permitted provided that the following conditions are met:","","    * Redistributions of source code must retain the above copyright","      notice, this list of conditions and the following disclaimer.","    * Redistributions in binary form must reproduce the above copyright","      notice, this list of conditions and the following disclaimer in the","      documentation and/or other materials provided with the distribution.","","  THIS SOFTWARE IS PROVIDED BY THE COPYRIGHT HOLDERS AND CONTRIBUTORS","  \"AS IS\" AND ANY EXPRESS OR IMPLIED WARRANTIES, INCLUDING, BUT NOT","  LIMITED TO, THE IMPLIED WARRANTIES OF MERCHANTABILITY AND FITNESS FOR","  A PARTICULAR PURPOSE ARE DISCLAIMED. IN NO EVENT SHALL THE COPYRIGHT","  HOLDER OR CONTRIBUTORS BE LIABLE FOR ANY DIRECT, INDIRECT, INCIDENTAL,","  SPECIAL, EXEMPLARY, OR CONSEQUENTIAL DAMAGES (INCLUDING, BUT NOT","  LIMITED TO, PROCUREMENT OF SUBSTITUTE GOODS OR SERVICES; LOSS OF USE,","  DATA, OR PROFITS; OR BUSINESS INTERRUPTION) HOWEVER CAUSED AND ON ANY","  THEORY OF LIABILITY, WHETHER IN CONTRACT, STRICT LIABILITY, OR TORT","  (INCLUDING NEGLIGENCE OR OTHERWISE) ARISING IN ANY WAY OUT OF THE USE","  OF THIS SOFTWARE, EVEN IF ADVISED OF THE POSSIBILITY OF SUCH DAMAGE.","*/","","var passport = require('passport');","var route_objects = require('./route_objects.js');","","/*"," * Common Passport Setup"," */","","passport.serializeUser(function(user, done) {","  done(null, user);","});","","passport.deserializeUser(function(user, done) {","  done(null, user);","});","","/*"," * convert CamelCase options"," */","","function convertCamelCaseOptions(options) {","  if (!options) return;","  if (typeof options !== 'object') return;","  Object.keys(options).forEach(function(key) {","    var newKey = key.replace(/([A-Z])/g, function(match, group1) {","      return '_' + group1.toLowerCase();","    });","    options[newKey] = options[key];","    convertCamelCaseOptions(options[key]);","  });","}","","/*"," * The Express middleware"," */","","function middleware(options) {","  options = options || {};","  convertCamelCaseOptions(options);","","  require('./mongodb_manager.js').initialize(options);","  require('./authorization_manager.js').initialize(options);","  require('./notification_manager.js').initialize(options);","","  //for sub middleware","  var stack = [];","","  //emulate app.use","  var use = function(fn) {","    stack.push(fn);","  };","","  //emulate app.handle","  var handle = function(index, req, res, next) {","    if (stack[index]) {","      stack[index](req, res, function(err) {","        if (err) return next(err);","        handle(index + 1, req, res, next);","      });","    } else {","      next();","    }","  };","","  //ensure required middleware is loaded","  use(require('cookie-parser')());","  use(require('body-parser')({","    reviver: route_objects.parseJSONReviver","  }));","","  use(options.session_middleware || require('express-session')({","    secret: options.session_secret || 'this is a fallback session middlware secret'","  }));","","  use(passport.initialize());","  use(passport.session());","","  options.passport_strategy = options.passport_strategy || 'local';","  if (options.passport_strategy === 'local') {","    use(require('./authentication/auth_local.js')(options));","  } else if (options.passport_strategy === 'facebook') {","    use(require('./authentication/auth_facebook.js')(options));","  } else if (options.passport_strategy === 'twitter') {","    use(require('./authentication/auth_twitter.js')(options));","  } else if (options.passport_strategy === 'digest') {","    use(require('./authentication/auth_digest.js')(options));","  } else {","    //user-specified passport strategy middleware","    use(options.passport_strategy);","  }","","  use(function(req, res, next) {","    req.emit('authenticated');","    if (!req.notAuthenticated && !res.headersSent) {","      next();","    }","  });","","  options.routes = options.routes || [{","    object_type: 'post',","    object_prefix: '/posts'","  }, {","    object_type: 'user',","    object_prefix: '/users'","  }, {","    object_type: 'group',","    object_prefix: '/groups'","  }, {","    object_type: 'like',","    object_prefix: '/likes'","  }];","","  options.routes.forEach(function(route) {","    var route_func = route_objects(route.object_type, options);","    use(function(req, res, next) {","      if (req.url.lastIndexOf(route.object_prefix, 0) === 0) {","        req.url = req.url.substring(route.object_prefix.length);","        route_func(req, res);","      } else {","        next();","      }","    });","  });","","  return function(req, res, next) {","    handle(0, req, res, next);","  };","}","","module.exports = middleware;","module.exports.parseJSONReviver = route_objects.parseJSONReviver;",""],"l":{"27":1,"28":1,"34":1,"35":0,"38":1,"39":0,"46":1,"47":0,"48":0,"49":0,"50":0,"51":0,"53":0,"54":0,"62":1,"63":0,"64":0,"66":0,"67":0,"68":0,"71":0,"74":0,"75":0,"79":0,"80":0,"81":0,"82":0,"83":0,"86":0,"91":0,"92":0,"96":0,"100":0,"101":0,"103":0,"104":0,"105":0,"106":0,"107":0,"108":0,"109":0,"110":0,"111":0,"114":0,"117":0,"118":0,"119":0,"120":0,"124":0,"138":0,"139":0,"140":0,"141":0,"142":0,"143":0,"145":0,"150":0,"151":0,"155":1,"156":1}},"/home/travis/build/npmtest/node-npmtest-social-cms-backend/node_modules/social-cms-backend/lib/route_objects.js":{"path":"/home/travis/build/npmtest/node-npmtest-social-cms-backend/node_modules/social-cms-backend/lib/route_objects.js","s":{"1":1,"2":1,"3":1,"4":1,"5":1,"6":0,"7":0,"8":0,"9":1,"10":0,"11":0,"12":0,"13":0,"14":0,"15":0,"16":0,"17":0,"18":1,"19":0,"20":0,"21":0,"22":0,"23":1,"24":0,"25":0,"26":0,"27":0,"28":1,"29":0,"30":0,"31":0,"32":0,"33":0,"34":0,"35":0,"36":0,"37":0,"38":1,"39":0,"40":0,"41":0,"42":0,"43":1,"44":0,"45":0,"46":0,"47":0,"48":0,"49":1,"50":0,"51":0,"52":0,"53":0,"54":0,"55":0,"56":0,"57":1,"58":0,"59":0,"60":0,"61":0,"62":0,"63":0,"64":0,"65":0,"66":0,"67":0,"68":0,"69":0,"70":0,"71":1,"72":0,"73":0,"74":0,"75":0,"76":1,"77":0,"78":0,"79":0,"80":0,"81":0,"82":0,"83":0,"84":0,"85":0,"86":0,"87":0,"88":0,"89":1,"90":0,"91":0,"92":0,"93":0,"94":1,"95":0,"96":0,"97":0,"98":0,"99":0,"100":0,"101":0,"102":0,"103":1,"104":0,"105":0,"106":0,"107":0,"108":1,"109":0,"110":0,"111":0,"112":0,"113":0,"114":0,"115":0,"116":0,"117":0,"118":0,"119":1,"120":0,"121":0,"122":0,"123":0,"124":0,"125":0,"126":1,"127":0,"128":0,"129":0,"130":0,"131":0,"132":0,"133":0,"134":0,"135":0,"136":0,"137":1,"138":0,"139":0,"140":0,"141":0,"142":0,"143":0,"144":1,"145":0,"146":0,"147":0,"148":0,"149":0,"150":0,"151":0,"152":0,"153":0,"154":0,"155":0,"156":0,"157":0,"158":0,"159":0,"160":0,"161":0,"162":0,"163":0,"164":0,"165":0,"166":0,"167":0,"168":0,"169":0,"170":0,"171":0,"172":0,"173":0,"174":0,"175":0,"176":0,"177":0,"178":0,"179":0,"180":0,"181":0,"182":0,"183":0,"184":0,"185":0,"186":0,"187":0,"188":0,"189":0,"190":0,"191":0,"192":0,"193":0,"194":0,"195":0,"196":0,"197":0,"198":0,"199":0,"200":0,"201":0,"202":0,"203":0,"204":0,"205":0,"206":0,"207":0,"208":0,"209":0,"210":0,"211":0,"212":0,"213":1,"214":0,"215":0,"216":0,"217":0,"218":0,"219":0,"220":0,"221":0,"222":0,"223":0,"224":0,"225":0,"226":0,"227":0,"228":0,"229":1,"230":0,"231":0,"232":0,"233":0,"234":0,"235":0,"236":0,"237":0,"238":0,"239":0,"240":0,"241":0,"242":0,"243":0,"244":1,"245":0,"246":0,"247":0,"248":0,"249":0,"250":0,"251":0,"252":0,"253":0,"254":0,"255":0,"256":0,"257":0,"258":0,"259":0,"260":0,"261":0,"262":0,"263":0,"264":0,"265":0,"266":0,"267":0,"268":0,"269":1},"b":{"1":[0,0],"2":[0,0],"3":[0,0],"4":[0,0],"5":[0,0],"6":[0,0],"7":[0,0],"8":[0,0],"9":[0,0],"10":[0,0],"11":[0,0],"12":[0,0],"13":[0,0],"14":[0,0],"15":[0,0],"16":[0,0],"17":[0,0],"18":[0,0],"19":[0,0],"20":[0,0],"21":[0,0],"22":[0,0],"23":[0,0],"24":[0,0],"25":[0,0],"26":[0,0],"27":[0,0],"28":[0,0],"29":[0,0],"30":[0,0],"31":[0,0],"32":[0,0],"33":[0,0],"34":[0,0],"35":[0,0],"36":[0,0],"37":[0,0],"38":[0,0],"39":[0,0],"40":[0,0],"41":[0,0],"42":[0,0],"43":[0,0],"44":[0,0],"45":[0,0],"46":[0,0],"47":[0,0],"48":[0,0],"49":[0,0],"50":[0,0],"51":[0,0],"52":[0,0],"53":[0,0],"54":[0,0],"55":[0,0],"56":[0,0],"57":[0,0],"58":[0,0],"59":[0,0],"60":[0,0],"61":[0,0],"62":[0,0],"63":[0,0],"64":[0,0]},"f":{"1":0,"2":0,"3":0,"4":0,"5":0,"6":0,"7":0,"8":0,"9":0,"10":0,"11":0,"12":0,"13":0,"14":0,"15":0,"16":0,"17":0,"18":0,"19":0,"20":0,"21":0,"22":0,"23":0,"24":0,"25":0,"26":0,"27":0,"28":0,"29":0,"30":0,"31":0,"32":0,"33":0,"34":0,"35":0,"36":0,"37":0,"38":0,"39":0,"40":0,"41":0,"42":0,"43":0,"44":0,"45":0,"46":0,"47":0,"48":0,"49":0,"50":0,"51":0,"52":0,"53":0},"fnMap":{"1":{"name":"parseIntSafely","line":33,"loc":{"start":{"line":33,"column":0},"end":{"line":33,"column":29}}},"2":{"name":"parseJSONReviver","line":41,"loc":{"start":{"line":41,"column":0},"end":{"line":41,"column":38}}},"3":{"name":"parseJSON","line":55,"loc":{"start":{"line":55,"column":0},"end":{"line":55,"column":34}}},"4":{"name":"DefaultInsertHandler","line":64,"loc":{"start":{"line":64,"column":0},"end":{"line":64,"column":63}}},"5":{"name":"(anonymous_5)","line":71,"loc":{"start":{"line":71,"column":37},"end":{"line":71,"column":48}}},"6":{"name":"(anonymous_6)","line":76,"loc":{"start":{"line":76,"column":39},"end":{"line":76,"column":65}}},"7":{"name":"(anonymous_7)","line":78,"loc":{"start":{"line":78,"column":39},"end":{"line":78,"column":61}}},"8":{"name":"DefaultFindOneHandler","line":85,"loc":{"start":{"line":85,"column":0},"end":{"line":85,"column":69}}},"9":{"name":"(anonymous_9)","line":92,"loc":{"start":{"line":92,"column":38},"end":{"line":92,"column":49}}},"10":{"name":"(anonymous_10)","line":94,"loc":{"start":{"line":94,"column":39},"end":{"line":94,"column":65}}},"11":{"name":"DefaultFindHandler","line":102,"loc":{"start":{"line":102,"column":0},"end":{"line":102,"column":81}}},"12":{"name":"(anonymous_12)","line":114,"loc":{"start":{"line":114,"column":35},"end":{"line":114,"column":46}}},"13":{"name":"(anonymous_13)","line":121,"loc":{"start":{"line":121,"column":39},"end":{"line":121,"column":65}}},"14":{"name":"(anonymous_14)","line":123,"loc":{"start":{"line":123,"column":20},"end":{"line":123,"column":46}}},"15":{"name":"(anonymous_15)","line":124,"loc":{"start":{"line":124,"column":35},"end":{"line":124,"column":57}}},"16":{"name":"DefaultCountHandler","line":137,"loc":{"start":{"line":137,"column":0},"end":{"line":137,"column":63}}},"17":{"name":"(anonymous_17)","line":144,"loc":{"start":{"line":144,"column":36},"end":{"line":144,"column":47}}},"18":{"name":"(anonymous_18)","line":146,"loc":{"start":{"line":146,"column":39},"end":{"line":146,"column":65}}},"19":{"name":"(anonymous_19)","line":148,"loc":{"start":{"line":148,"column":20},"end":{"line":148,"column":46}}},"20":{"name":"(anonymous_20)","line":149,"loc":{"start":{"line":149,"column":30},"end":{"line":149,"column":52}}},"21":{"name":"DefaultAggregateHandler","line":164,"loc":{"start":{"line":164,"column":0},"end":{"line":164,"column":70}}},"22":{"name":"(anonymous_22)","line":171,"loc":{"start":{"line":171,"column":40},"end":{"line":171,"column":51}}},"23":{"name":"(anonymous_23)","line":173,"loc":{"start":{"line":173,"column":39},"end":{"line":173,"column":65}}},"24":{"name":"(anonymous_24)","line":175,"loc":{"start":{"line":175,"column":40},"end":{"line":175,"column":62}}},"25":{"name":"DefaultRemoveHandler","line":182,"loc":{"start":{"line":182,"column":0},"end":{"line":182,"column":68}}},"26":{"name":"(anonymous_26)","line":189,"loc":{"start":{"line":189,"column":37},"end":{"line":189,"column":48}}},"27":{"name":"(anonymous_27)","line":191,"loc":{"start":{"line":191,"column":39},"end":{"line":191,"column":65}}},"28":{"name":"(anonymous_28)","line":197,"loc":{"start":{"line":197,"column":7},"end":{"line":197,"column":21}}},"29":{"name":"DefaultUpdateHandler","line":210,"loc":{"start":{"line":210,"column":0},"end":{"line":210,"column":74}}},"30":{"name":"(anonymous_30)","line":219,"loc":{"start":{"line":219,"column":37},"end":{"line":219,"column":48}}},"31":{"name":"(anonymous_31)","line":221,"loc":{"start":{"line":221,"column":39},"end":{"line":221,"column":65}}},"32":{"name":"(anonymous_32)","line":227,"loc":{"start":{"line":227,"column":7},"end":{"line":227,"column":21}}},"33":{"name":"(anonymous_33)","line":241,"loc":{"start":{"line":241,"column":17},"end":{"line":241,"column":48}}},"34":{"name":"handleGet","line":249,"loc":{"start":{"line":249,"column":2},"end":{"line":249,"column":31}}},"35":{"name":"(anonymous_35)","line":255,"loc":{"start":{"line":255,"column":80},"end":{"line":255,"column":103}}},"36":{"name":"(anonymous_36)","line":264,"loc":{"start":{"line":264,"column":33},"end":{"line":264,"column":60}}},"37":{"name":"(anonymous_37)","line":266,"loc":{"start":{"line":266,"column":115},"end":{"line":266,"column":137}}},"38":{"name":"(anonymous_38)","line":276,"loc":{"start":{"line":276,"column":36},"end":{"line":276,"column":66}}},"39":{"name":"(anonymous_39)","line":278,"loc":{"start":{"line":278,"column":122},"end":{"line":278,"column":144}}},"40":{"name":"(anonymous_40)","line":290,"loc":{"start":{"line":290,"column":48},"end":{"line":290,"column":70}}},"41":{"name":"(anonymous_41)","line":301,"loc":{"start":{"line":301,"column":115},"end":{"line":301,"column":137}}},"42":{"name":"(anonymous_42)","line":315,"loc":{"start":{"line":315,"column":33},"end":{"line":315,"column":60}}},"43":{"name":"(anonymous_43)","line":317,"loc":{"start":{"line":317,"column":34},"end":{"line":317,"column":60}}},"44":{"name":"(anonymous_44)","line":319,"loc":{"start":{"line":319,"column":161},"end":{"line":319,"column":183}}},"45":{"name":"(anonymous_45)","line":333,"loc":{"start":{"line":333,"column":115},"end":{"line":333,"column":137}}},"46":{"name":"handlePost","line":349,"loc":{"start":{"line":349,"column":2},"end":{"line":349,"column":32}}},"47":{"name":"(anonymous_47)","line":352,"loc":{"start":{"line":352,"column":114},"end":{"line":352,"column":137}}},"48":{"name":"(anonymous_48)","line":362,"loc":{"start":{"line":362,"column":115},"end":{"line":362,"column":137}}},"49":{"name":"handleDelete","line":375,"loc":{"start":{"line":375,"column":2},"end":{"line":375,"column":34}}},"50":{"name":"(anonymous_50)","line":382,"loc":{"start":{"line":382,"column":112},"end":{"line":382,"column":134}}},"51":{"name":"handlePut","line":399,"loc":{"start":{"line":399,"column":2},"end":{"line":399,"column":31}}},"52":{"name":"(anonymous_52)","line":406,"loc":{"start":{"line":406,"column":122},"end":{"line":406,"column":144}}},"53":{"name":"(anonymous_53)","line":424,"loc":{"start":{"line":424,"column":9},"end":{"line":424,"column":28}}}},"statementMap":{"1":{"start":{"line":27,"column":0},"end":{"line":27,"column":29}},"2":{"start":{"line":28,"column":0},"end":{"line":28,"column":44}},"3":{"start":{"line":30,"column":0},"end":{"line":30,"column":54}},"4":{"start":{"line":31,"column":0},"end":{"line":31,"column":66}},"5":{"start":{"line":33,"column":0},"end":{"line":39,"column":1}},"6":{"start":{"line":34,"column":2},"end":{"line":38,"column":3}},"7":{"start":{"line":35,"column":4},"end":{"line":35,"column":29}},"8":{"start":{"line":37,"column":4},"end":{"line":37,"column":15}},"9":{"start":{"line":41,"column":0},"end":{"line":53,"column":1}},"10":{"start":{"line":42,"column":2},"end":{"line":51,"column":3}},"11":{"start":{"line":43,"column":4},"end":{"line":43,"column":50}},"12":{"start":{"line":44,"column":4},"end":{"line":46,"column":5}},"13":{"start":{"line":45,"column":6},"end":{"line":45,"column":46}},"14":{"start":{"line":47,"column":4},"end":{"line":47,"column":59}},"15":{"start":{"line":48,"column":4},"end":{"line":50,"column":5}},"16":{"start":{"line":49,"column":6},"end":{"line":49,"column":42}},"17":{"start":{"line":52,"column":2},"end":{"line":52,"column":15}},"18":{"start":{"line":55,"column":0},"end":{"line":62,"column":1}},"19":{"start":{"line":56,"column":2},"end":{"line":56,"column":22}},"20":{"start":{"line":57,"column":2},"end":{"line":61,"column":3}},"21":{"start":{"line":58,"column":4},"end":{"line":58,"column":54}},"22":{"start":{"line":60,"column":4},"end":{"line":60,"column":16}},"23":{"start":{"line":64,"column":0},"end":{"line":69,"column":1}},"24":{"start":{"line":65,"column":2},"end":{"line":65,"column":15}},"25":{"start":{"line":66,"column":2},"end":{"line":66,"column":33}},"26":{"start":{"line":67,"column":2},"end":{"line":67,"column":19}},"27":{"start":{"line":68,"column":2},"end":{"line":68,"column":27}},"28":{"start":{"line":71,"column":0},"end":{"line":83,"column":2}},"29":{"start":{"line":72,"column":2},"end":{"line":72,"column":18}},"30":{"start":{"line":73,"column":2},"end":{"line":75,"column":4}},"31":{"start":{"line":76,"column":2},"end":{"line":82,"column":5}},"32":{"start":{"line":77,"column":4},"end":{"line":77,"column":39}},"33":{"start":{"line":77,"column":13},"end":{"line":77,"column":39}},"34":{"start":{"line":78,"column":4},"end":{"line":81,"column":7}},"35":{"start":{"line":79,"column":6},"end":{"line":79,"column":41}},"36":{"start":{"line":79,"column":15},"end":{"line":79,"column":41}},"37":{"start":{"line":80,"column":6},"end":{"line":80,"column":62}},"38":{"start":{"line":85,"column":0},"end":{"line":90,"column":1}},"39":{"start":{"line":86,"column":2},"end":{"line":86,"column":15}},"40":{"start":{"line":87,"column":2},"end":{"line":87,"column":33}},"41":{"start":{"line":88,"column":2},"end":{"line":88,"column":29}},"42":{"start":{"line":89,"column":2},"end":{"line":89,"column":27}},"43":{"start":{
[...]
exports = middleware;",""],"l":{"27":1,"28":1,"29":1,"35":1,"36":0,"37":0,"38":0,"39":0,"40":0,"41":0,"42":0,"43":0,"44":0,"45":0,"47":0,"50":0,"51":0,"53":0,"54":0,"56":0,"57":0,"60":0,"64":0,"67":0,"68":0,"69":0,"76":1,"77":0,"78":0,"80":0,"84":0,"86":0,"87":0,"89":0,"95":1,"96":0,"102":0,"103":0,"104":0,"105":0,"106":0,"108":0,"111":0,"112":0,"114":0,"117":0,"118":0,"119":0,"120":0,"121":0,"122":0,"123":0,"124":0,"125":0,"127":0,"133":0,"134":0,"136":0,"140":0,"141":0,"142":0,"143":0,"144":0,"145":0,"146":0,"147":0,"152":0,"157":1}},"/home/travis/build/npmtest/node-npmtest-social-cms-backend/node_modules/social-cms-backend/lib/authentication/auth_twitter.js":{"path":"/home/travis/build/npmtest/node-npmtest-social-cms-backend/node_modules/social-cms-backend/lib/authentication/auth_twitter.js","s":{"1":1,"2":1,"3":1,"4":1,"5":0,"6":0,"7":0,"8":0,"9":0,"10":0,"11":0,"12":0,"13":0,"14":0,"15":0,"16":0,"17":0,"18":0,"19":0,"20":0,"21":0,"22":0,"23":0,"24":0,"25":0,"26":0,"27":0,"28":0,"29":0,"30":0,"31":1,"32":0,"33":0,"34":0,"35":0,"36":0,"37":0,"38":0,"39":0,"40":0,"41":1,"42":0,"43":0,"44":0,"45":0,"46":0,"47":0,"48":0,"49":0,"50":0,"51":0,"52":0,"53":0,"54":0,"55":0,"56":0,"57":0,"58":0,"59":0,"60":0,"61":0,"62":0,"63":0,"64":0,"65":0,"66":0,"67":0,"68":0,"69":0,"70":0,"71":0,"72":0,"73":0,"74":0,"75":1},"b":{"1":[0,0],"2":[0,0],"3":[0,0],"4":[0,0],"5":[0,0],"6":[0,0],"7":[0,0],"8":[0,0],"9":[0,0],"10":[0,0],"11":[0,0],"12":[0,0],"13":[0,0],"14":[0,0],"15":[0,0],"16":[0,0],"17":[0,0],"18":[0,0],"19":[0,0],"20":[0,0],"21":[0,0],"22":[0,0],"23":[0,0],"24":[0,0],"25":[0,0]},"f":{"1":0,"2":0,"3":0,"4":0,"5":0,"6":0,"7":0,"8":0,"9":0,"10":0,"11":0,"12":0,"13":0,"14":0,"15":0,"16":0},"fnMap":{"1":{"name":"getUserIdForPassportTwitter","line":36,"loc":{"start":{"line":36,"column":0},"end":{"line":36,"column":87}}},"2":{"name":"(anonymous_2)","line":37,"loc":{"start":{"line":37,"column":44},"end":{"line":37,"column":70}}},"3":{"name":"(anonymous_3)","line":44,"loc":{"start":{"line":44,"column":7},"end":{"line":44,"column":27}}},"4":{"name":"(anonymous_4)","line":57,"loc":{"start":{"line":57,"column":11},"end":{"line":57,"column":25}}},"5":{"name":"(anonymous_5)","line":64,"loc":{"start":{"line":64,"column":49},"end":{"line":64,"column":76}}},"6":{"name":"(anonymous_6)","line":84,"loc":{"start":{"line":84,"column":13},"end":{"line":84,"column":35}}},"7":{"name":"setTwitterUsername","line":95,"loc":{"start":{"line":95,"column":0},"end":{"line":95,"column":65}}},"8":{"name":"(anonymous_8)","line":99,"loc":{"start":{"line":99,"column":44},"end":{"line":99,"column":70}}},"9":{"name":"(anonymous_9)","line":111,"loc":{"start":{"line":111,"column":7},"end":{"line":111,"column":21}}},"10":{"name":"middleware","line":119,"loc":{"start":{"line":119,"column":0},"end":{"line":119,"column":29}}},"11":{"name":"(anonymous_11)","line":139,"loc":{"start":{"line":139,"column":5},"end":{"line":139,"column":57}}},"12":{"name":"(anonymous_12)","line":140,"loc":{"start":{"line":140,"column":64},"end":{"line":140,"column":87}}},"13":{"name":"(anonymous_13)","line":142,"loc":{"start":{"line":142,"column":54},"end":{"line":142,"column":68}}},"14":{"name":"(anonymous_14)","line":152,"loc":{"start":{"line":152,"column":9},"end":{"line":152,"column":34}}},"15":{"name":"(anonymous_15)","line":156,"loc":{"start":{"line":156,"column":39},"end":{"line":156,"column":59}}},"16":{"name":"(anonymous_16)","line":159,"loc":{"start":{"line":159,"column":26},"end":{"line":159,"column":40}}}},"statementMap":{"1":{"start":{"line":27,"column":0},"end":{"line":27,"column":35}},"2":{"start":{"line":28,"column":0},"end":{"line":28,"column":67}},"3":{"start":{"line":29,"column":0},"end":{"line":29,"column":55}},"4":{"start":{"line":36,"column":0},"end":{"line":93,"column":1}},"5":{"start":{"line":37,"column":2},"end":{"line":92,"column":5}},"6":{"start":{"line":38,"column":4},"end":{"line":38,"column":34}},"7":{"start":{"line":38,"column":13},"end":{"line":38,"column":34}},"8":{"start":{"line":40,"column":4},"end":{"line":40,"column":37}},"9":{"start":{"line":42,"column":4},"end":{"line":91,"column":7}},"10":{"start":{"line":45,"column":6},"end":{"line":45,"column":36}},"11":{"start":{"line":45,"column":15},"end":{"line":45,"column":36}},"12":{"start":{"line":47,"column":6},"end":{"line":90,"column":7}},"13":{"start":{"line":49,"column":8},"end":{"line":61,"column":11}},"14":{"start":{"line":58,"column":10},"end":{"line":58,"column":40}},"15":{"start":{"line":58,"column":19},"end":{"line":58,"column":40}},"16":{"start":{"line":60,"column":10},"end":{"line":60,"column":35}},"17":{"start":{"line":64,"column":8},"end":{"line":89,"column":11}},"18":{"start":{"line":65,"column":10},"end":{"line":65,"column":40}},"19":{"start":{"line":65,"column":19},"end":{"line":65,"column":40}},"20":{"start":{"line":67,"column":10},"end":{"line":76,"column":12}},"21":{"start":{"line":77,"column":10},"end":{"line":81,"column":11}},"22":{"start":{"line":78,"column":12},"end":{"line":78,"column":49}},"23":{"start":{"line":79,"column":17},"end":{"line":81,"column":11}},"24":{"start":{"line":80,"column":12},"end":{"line":80,"column":51}},"25":{"start":{"line":82,"column":10},"end":{"line":88,"column":13}},"26":{"start":{"line":85,"column":12},"end":{"line":85,"column":42}},"27":{"start":{"line":85,"column":21},"end":{"line":85,"column":42}},"28":{"start":{"line":86,"column":12},"end":{"line":86,"column":77}},"29":{"start":{"line":86,"column":37},"end":{"line":86,"column":77}},"30":{"start":{"line":87,"column":12},"end":{"line":87,"column":42}},"31":{"start":{"line":95,"column":0},"end":{"line":117,"column":1}},"32":{"start":{"line":96,"column":2},"end":{"line":96,"column":38}},"33":{"start":{"line":97,"column":2},"end":{"line":97,"column":37}},"34":{"start":{"line":99,"column":2},"end":{"line":116,"column":5}},"35":{"start":{"line":100,"column":4},"end":{"line":100,"column":34}},"36":{"start":{"line":100,"column":13},"end":{"line":100,"column":34}},"37":{"start":{"line":102,"column":4},"end":{"line":115,"column":7}},"38":{"start":{"line":112,"column":6},"end":{"line":112,"column":36}},"39":{"start":{"line":112,"column":15},"end":{"line":112,"column":36}},"40":{"start":{"line":114,"column":6},"end":{"line":114,"column":21}},"41":{"start":{"line":119,"column":0},"end":{"line":181,"column":1}},"42":{"start":{"line":120,"column":2},"end":{"line":122,"column":3}},"43":{"start":{"line":121,"column":4},"end":{"line":121,"column":89}},"44":{"start":{"line":124,"column":2},"end":{"line":128,"column":4}},"45":{"start":{"line":129,"column":2},"end":{"line":129,"column":55}},"46":{"start":{"line":130,"column":2},"end":{"line":130,"column":51}},"47":{"start":{"line":131,"column":2},"end":{"line":131,"column":49}},"48":{"start":{"line":133,"column":2},"end":{"line":133,"column":89}},"49":{"start":{"line":135,"column":2},"end":{"line":150,"column":6}},"50":{"start":{"line":140,"column":4},"end":{"line":149,"column":7}},"51":{"start":{"line":141,"column":6},"end":{"line":148,"column":7}},"52":{"start":{"line":142,"column":8},"end":{"line":145,"column":11}},"53":{"start":{"line":143,"column":10},"end":{"line":143,"column":67}},"54":{"start":{"line":143,"column":19},"end":{"line":143,"column":67}},"55":{"start":{"line":144,"column":10},"end":{"line":144,"column":29}},"56":{"start":{"line":147,"column":8},"end":{"line":147,"column":27}},"57":{"start":{"line":152,"column":2},"end":{"line":180,"column":4}},"58":{"start":{"line":153,"column":4},"end":{"line":179,"column":5}},"59":{"start":{"line":154,"column":6},"end":{"line":154,"column":55}},"60":{"start":{"line":155,"column":11},"end":{"line":179,"column":5}},"61":{"start":{"line":156,"column":6},"end":{"line":176,"column":25}},"62":{"start":{"line":157,"column":8},"end":{"line":157,"column":34}},"63":{"start":{"line":157,"column":17},"end":{"line":157,"column":34}},"64":{"start":{"line":158,"column":8},"end":{"line":175,"column":9}},"65":{"start":{"line":159,"column":10},"end":{"line":168,"column":13}},"66":{"start":{"line":160,"column":12},"end":{"line":160,"column":38}},"67":{"start":{"line":160,"column":21},"end":{"line":160,"column":38}},"68":{"start":{"line":161,"column":12},"end":{"line":167,"column":13}},"69":{"start":{"line":162,"column":14},"end":{"line":162,"column":47}},"70":{"start":{"line":164,"column":14},"end":{"line":166,"column":17}},"71":{"start":{"line":170,"column":10},"end":{"line":174,"column":11}},"72":{"start":{"line":171,"column":12},"end":{"line":171,"column":44}},"73":{"start":{"line":173,"column":12},"end":{"line":173,"column":52}},"74":{"start":{"line":178,"column":6},"end":{"line":178,"column":13}},"75":{"start":{"line":183,"column":0},"end":{"line":183,"column":28}}},"branchMap":{"1":{"line":38,"type":"if","locations":[{"start":{"line":38,"column":4},"end":{"line":38,"column":4}},{"start":{"line":38,"column":4},"end":{"line":38,"column":4}}]},"2":{"line":45,"type":"if","locations":[{"start":{"line":45,"column":6},"end":{"line":45,"column":6}},{"start":{"line":45,"column":6},"end":{"line":45,"column":6}}]},"3":{"line":47,"type":"if","locations":[{"start":{"line":47,"column":6},"end":{"line":47,"column":6}},{"start":{"line":47,"column":6},"end":{"line":47,"column":6}}]},"4":{"line":58,"type":"if","locations":[{"start":{"line":58,"column":10},"end":{"line":58,"column":10}},{"start":{"line":58,"column":10},"end":{"line":58,"column":10}}]},"5":{"line":65,"type":"if","locations":[{"start":{"line":65,"column":10},"end":{"line":65,"column":10}},{"start":{"line":65,"column":10},"end":{"line":65,"column":10}}]},"6":{"line":77,"type":"if","locations":[{"start":{"line":77,"column":10},"end":{"line":77,"column":10}},{"start":{"line":77,"column":10},"end":{"line":77,"column":10}}]},"7":{"line":79,"type":"if","locations":[{"start":{"line":79,"column":17},"end":{"line":79,"column":17}},{"start":{"line":79,"column":17},"end":{"line":79,"column":17}}]},"8":{"line":85,"type":"if","locations":[{"start":{"line":85,"column":12},"end":{"line":85,"column":12}},{"start":{"line":85,"column":12},"end":{"line":85,"column":12}}]},"9":{"line":86,"type":"if","locations":[{"start":{"line":86,"column":12},"end":{"line":86,"column":12}},{"start":{"line":86,"column":12},"end":{"line":86,"column":12}}]},"10":{"line":100,"type":"if","locations":[{"start":{"line":100,"column":4},"end":{"line":100,"column":4}},{"start":{"line":100,"column":4},"end":{"line":100,"column":4}}]},"11":{"line":112,"type":"if","locations":[{"start":{"line":112,"column":6},"end":{"line":112,"column":6}},{"start":{"line":112,"column":6},"end":{"line":112,"column":6}}]},"12":{"line":120,"type":"if","locations":[{"start":{"line":120,"column":2},"end":{"line":120,"column":2}},{"start":{"line":120,"column":2},"end":{"line":120,"column":2}}]},"13":{"line":120,"type":"binary-expr","locations":[{"start":{"line":120,"column":6},"end":{"line":120,"column":35}},{"start":{"line":120,"column":39},"end":{"line":120,"column":71}}]},"14":{"line":124,"type":"binary-expr","locations":[{"start":{"line":124,"column":13},"end":{"line":124,"column":33}},{"start":{"line":124,"column":37},"end":{"line":128,"column":3}}]},"15":{"line":129,"type":"binary-expr","locations":[{"start":{"line":129,"column":19},"end":{"line":129,"column":34}},{"start":{"line":129,"column":38},"end":{"line":129,"column":54}}]},"16":{"line":133,"type":"binary-expr","locations":[{"start":{"line":133,"column":30},"end":{"line":133,"column":59}},{"start":{"line":133,"column":63},"end":{"line":133,"column":88}}]},"17":{"line":141,"type":"if","locations":[{"start":{"line":141,"column":6},"end":{"line":141,"column":6}},{"start":{"line":141,"column":6},"end":{"line":141,"column":6}}]},"18":{"line":143,"type":"if","locations":[{"start":{"line":143,"column":10},"end":{"line":143,"column":10}},{"start":{"line":143,"column":10},"end":{"line":143,"column":10}}]},"19":{"line":153,"type":"if","locations":[{"start":{"line":153,"column":4},"end":{"line":153,"column":4}},{"start":{"line":153,"column":4},"end":{"line":153,"column":4}}]},"20":{"line":155,"type":"if","locations":[{"start":{"line":155,"column":11},"end":{"line":155,"column":11}},{"start":{"line":155,"column":11},"end":{"line":155,"column":11}}]},"21":{"line":157,"type":"if","locations":[{"start":{"line":157,"column":8},"end":{"line":157,"column":8}},{"start":{"line":157,"column":8},"end":{"line":157,"column":8}}]},"22":{"line":158,"type":"if","locations":[{"start":{"line":158,"column":8},"end":{"line":158,"column":8}},{"start":{"line":158,"column":8},"end":{"line":158,"column":8}}]},"23":{"line":160,"type":"if","locations":[{"start":{"line":160,"column":12},"end":{"line":160,"column":12}},{"start":{"line":160,"column":12},"end":{"line":160,"column":12}}]},"24":{"line":161,"type":"if","locations":[{"start":{"line":161,"column":12},"end":{"line":161,"column":12}},{"start":{"line":161,"column":12},"end":{"line":161,"column":12}}]},"25":{"line":170,"type":"if","locations":[{"start":{"line":170,"column":10},"end":{"line":170,"column":10}},{"start":{"line":170,"column":10},"end":{"line":170,"column":10}}]}},"code":["/*","  Copyright (C) 2015, Naoto Satoh","  All rights reserved.","","  Redistribution and use in source and binary forms, with or without","  modification, are permitted provided that the following conditions are met:","","    * Redistributions of source code must retain the above copyright","      notice, this list of conditions and the following disclaimer.","    * Redistributions in binary form must reproduce the above copyright","      notice, this list of conditions and the following disclaimer in the","      documentation and/or other materials provided with the distribution.","","  THIS SOFTWARE IS PROVIDED BY THE COPYRIGHT HOLDERS AND CONTRIBUTORS","  \"AS IS\" AND ANY EXPRESS OR IMPLIED WARRANTIES, INCLUDING, BUT NOT","  LIMITED TO, THE IMPLIED WARRANTIES OF MERCHANTABILITY AND FITNESS FOR","  A PARTICULAR PURPOSE ARE DISCLAIMED. IN NO EVENT SHALL THE COPYRIGHT","  HOLDER OR CONTRIBUTORS BE LIABLE FOR ANY DIRECT, INDIRECT, INCIDENTAL,","  SPECIAL, EXEMPLARY, OR CONSEQUENTIAL DAMAGES (INCLUDING, BUT NOT","  LIMITED TO, PROCUREMENT OF SUBSTITUTE GOODS OR SERVICES; LOSS OF USE,","  DATA, OR PROFITS; OR BUSINESS INTERRUPTION) HOWEVER CAUSED AND ON ANY","  THEORY OF LIABILITY, WHETHER IN CONTRACT, STRICT LIABILITY, OR TORT","  (INCLUDING NEGLIGENCE OR OTHERWISE) ARISING IN ANY WAY OUT OF THE USE","  OF THIS SOFTWARE, EVEN IF ADVISED OF THE POSSIBILITY OF SUCH DAMAGE.","*/","","var passport = require('passport');","var PassportTwitterStrategy = require('passport-twitter').Strategy;","var mongodb_manager = require('../mongodb_manager.js');","","/*"," * Twitter Authentication"," */","/* get user_id from twitter login information"," if this is the first login for the user, create a new record. */","function getUserIdForPassportTwitter(options, profile, twitter_access_token, callback) {","  mongodb_manager.getBareCollection('user', function(err, collection) {","    if (err) return callback(err);","","    var twitter_user_id = profile.id;","","    collection.findOne({","      'system.twitter_user_id': twitter_user_id","    }, function(err, data) {","      if (err) return callback(err);","","      if (data) {","        //found the existing record","        collection.update({","          _id: data._id","        }, {","          $set: {","            'system.twitter_access_token': twitter_access_token","          }","        }, {","          w: 1","        }, function(err) {","          if (err) return callback(err);","","          callback(null, data._id); //returning user_id","        });","      } else {","        //new user record","        mongodb_manager.createPrimaryKey('user', function(err, primary_key) {","          if (err) return callback(err);","","          var data = {","            _id: primary_key,","            owner: {","              user_id: primary_key","            },","            system: {","              twitter_user_id: twitter_user_id,","              twitter_access_token: twitter_access_token","            }","          };","          if (options.exposeTwitterUserid) {","            data.twitterUserId = twitter_user_id;","          } else if (options.expose_twitter_user_id) {","            data.twitter_user_id = twitter_user_id;","          }","          collection.insert(data, {","            w: 1","          }, function(err, result) {","            if (err) return callback(err);","            if (result.length !== 1) return callback(new Error('no result'));","            callback(null, result[0]._id); //returning user_id","          });","        });","      }","    });","  });","}","","function setTwitterUsername(options, user_id, profile, callback) {","  var user_name = profile.displayName;","  var screen_name = profile.username;","","  mongodb_manager.getBareCollection('user', function(err, collection) {","    if (err) return callback(err);","","    collection.update({","      _id: user_id","    }, {","      $set: {","        fullname: user_name,","        screen_name: screen_name","      }","    }, {","      w: 1","    }, function(err) {","      if (err) return callback(err);","","      callback(null);","    });","  });","}","","function middleware(options) {","  if (!options.twitter_consumer_key || !options.twitter_consumer_secret) {","    throw new Error('twitter_consumer_key or twitter_consumer_secret is not specified.');","  }","","  var opts = options.auth_twitter || {","    login_path: options.login_twitter_path,","    login_success_path: options.login_success_twitter_path,","    login_failed_path: options.login_failed_twitter_path","  };","  var login_path = opts.login_path || '/login/twitter';","  var login_success_path = opts.login_success_path;","  var login_failed_path = opts.login_failed_path;","","  var twitter_callback_path = options.twitter_callback_path || '/login/twitter/callback';","","  passport.use(new PassportTwitterStrategy({","    consumerKey: options.twitter_consumer_key,","    consumerSecret: options.twitter_consumer_secret,","    callbackURL: twitter_callback_path","  }, function(access_token, secret_token, profile, done) {","    getUserIdForPassportTwitter(options, profile, access_token, function(err, user_id) {","      if (options.set_twitter_username) {","        setTwitterUsername(options, user_id, profile, function(err) {","          if (err) console.log('set_twitter_fullname failed', err);","          done(err, user_id);","        });","      } else {","        done(err, user_id);","      }","    });","  }));","","  return function(req, res, next) {","    if (req.path === login_path) {","      passport.authenticate('twitter')(req, res, next);","    } else if (req.path === twitter_callback_path) {","      passport.authenticate('twitter', function(err, user) {","        if (err) return next(err);","        if (user) {","          req.logIn(user, function(err) {","            if (err) return next(err);","            if (login_success_path) {","              res.redirect(login_success_path);","            } else {","              res.json({","                user_id: user","              });","            }","          });","        } else { // no user","          if (login_failed_path) {","            res.redirect(login_failed_path);","          } else {","            res.status(403).send('unable to login');","          }","        }","      })(req, res, next);","    } else {","      next();","    }","  };","}","","module.exports = middleware;",""],"l":{"27":1,"28":1,"29":1,"36":1,"37":0,"38":0,"40":0,"42":0,"45":0,"47":0,"49":0,"58":0,"60":0,"64":0,"65":0,"67":0,"77":0,"78":0,"79":0,"80":0,"82":0,"85":0,"86":0,"87":0,"95":1,"96":0,"97":0,"99":0,"100":0,"102":0,"112":0,"114":0,"119":1,"120":0,"121":0,"124":0,"129":0,"130":0,"131":0,"133":0,"135":0,"140":0,"141":0,"142":0,"143":0,"144":0,"147":0,"152":0,"153":0,"154":0,"155":0,"156":0,"157":0,"158":0,"159":0,"160":0,"161":0,"162":0,"164":0,"170":0,"171":0,"173":0,"178":0,"183":1}}}